-------------------------------------------------------------------------------
Test set: com.examly.springapp.SpringappApplicationTests
-------------------------------------------------------------------------------
Tests run: 19, Failures: 11, Errors: 0, Skipped: 0, Time elapsed: 2.764 s <<< FAILURE! - in com.examly.springapp.SpringappApplicationTests
backend_day15_testWelcomeApi  Time elapsed: 0.039 s  <<< FAILURE!
java.lang.AssertionError: Status expected:<200> but was:<404>
	at com.examly.springapp.SpringappApplicationTests.backend_day15_testWelcomeApi(SpringappApplicationTests.java:62)

backend_day16_testGetAllFlightList  Time elapsed: 0.009 s  <<< FAILURE!
java.lang.AssertionError: Status expected:<200> but was:<404>
	at com.examly.springapp.SpringappApplicationTests.backend_day16_testGetAllFlightList(SpringappApplicationTests.java:95)

backend_day19_testBookingModelFileExists  Time elapsed: 0.003 s  <<< FAILURE!
org.opentest4j.AssertionFailedError: expected: <true> but was: <false>
	at com.examly.springapp.SpringappApplicationTests.backend_day19_testBookingModelFileExists(SpringappApplicationTests.java:161)

backend_day19_testBookingRepoFileExists  Time elapsed: 0.002 s  <<< FAILURE!
org.opentest4j.AssertionFailedError: expected: <true> but was: <false>
	at com.examly.springapp.SpringappApplicationTests.backend_day19_testBookingRepoFileExists(SpringappApplicationTests.java:172)

backend_day20_testBookingHasManyToOneAnnotations  Time elapsed: 0.002 s  <<< FAILURE!
org.opentest4j.AssertionFailedError: Class not found: com.examly.springapp.model.Booking
	at com.examly.springapp.SpringappApplicationTests.backend_day20_testBookingHasManyToOneAnnotations(SpringappApplicationTests.java:201)

backend_day21_testBookingServiceInterfaceAndImplementation  Time elapsed: 0.002 s  <<< FAILURE!
org.opentest4j.AssertionFailedError: Interface or implementation not found: com.examly.springapp.service.BookingService
	at com.examly.springapp.SpringappApplicationTests.backend_day21_testBookingServiceInterfaceAndImplementation(SpringappApplicationTests.java:215)

backend_day22_testExceptionFile  Time elapsed: 0.001 s  <<< FAILURE!
org.opentest4j.AssertionFailedError: expected: <true> but was: <false>
	at com.examly.springapp.SpringappApplicationTests.backend_day22_testExceptionFile(SpringappApplicationTests.java:226)

backend_day24_testControllerBooking  Time elapsed: 0.001 s  <<< FAILURE!
org.opentest4j.AssertionFailedError: expected: <true> but was: <false>
	at com.examly.springapp.SpringappApplicationTests.backend_day24_testControllerBooking(SpringappApplicationTests.java:236)

backend_day24_testGetAllBookings  Time elapsed: 0.012 s  <<< FAILURE!
java.lang.AssertionError: Status expected:<200> but was:<404>
	at com.examly.springapp.SpringappApplicationTests.backend_day24_testGetAllBookings(SpringappApplicationTests.java:244)

backend_day25_testEntityUserFile  Time elapsed: 0 s  <<< FAILURE!
org.opentest4j.AssertionFailedError: expected: <true> but was: <false>
	at com.examly.springapp.SpringappApplicationTests.backend_day25_testEntityUserFile(SpringappApplicationTests.java:256)

backend_day26_testCorsUserFile  Time elapsed: 0 s  <<< FAILURE!
org.opentest4j.AssertionFailedError: expected: <true> but was: <false>
	at com.examly.springapp.SpringappApplicationTests.backend_day26_testCorsUserFile(SpringappApplicationTests.java:266)

