-------------------------------------------------------------------------------
Test set: com.examly.springapp.SpringappApplicationTests
-------------------------------------------------------------------------------
Tests run: 19, Failures: 12, Errors: 0, Skipped: 0, Time elapsed: 3.213 s <<< FAILURE! - in com.examly.springapp.SpringappApplicationTests
backend_day15_testControllerFileExists  Time elapsed: 0.007 s  <<< FAILURE!
org.opentest4j.AssertionFailedError: expected: <true> but was: <false>
	at com.examly.springapp.SpringappApplicationTests.backend_day15_testControllerFileExists(SpringappApplicationTests.java:54)

backend_day17_testAddFlight  Time elapsed: 0.118 s  <<< FAILURE!
java.lang.AssertionError: Status expected:<200> but was:<201>
	at com.examly.springapp.SpringappApplicationTests.backend_day17_testAddFlight(SpringappApplicationTests.java:129)

backend_day18_testGetAllFlights  Time elapsed: 0.006 s  <<< FAILURE!
java.lang.AssertionError: Status expected:<200> but was:<405>
	at com.examly.springapp.SpringappApplicationTests.backend_day18_testGetAllFlights(SpringappApplicationTests.java:148)

backend_day19_testBookingModelFileExists  Time elapsed: 0 s  <<< FAILURE!
org.opentest4j.AssertionFailedError: expected: <true> but was: <false>
	at com.examly.springapp.SpringappApplicationTests.backend_day19_testBookingModelFileExists(SpringappApplicationTests.java:161)

backend_day19_testBookingRepoFileExists  Time elapsed: 0.003 s  <<< FAILURE!
org.opentest4j.AssertionFailedError: expected: <true> but was: <false>
	at com.examly.springapp.SpringappApplicationTests.backend_day19_testBookingRepoFileExists(SpringappApplicationTests.java:172)

backend_day20_testBookingHasManyToOneAnnotations  Time elapsed: 0.003 s  <<< FAILURE!
org.opentest4j.AssertionFailedError: Class not found: com.examly.springapp.model.Booking
	at com.examly.springapp.SpringappApplicationTests.backend_day20_testBookingHasManyToOneAnnotations(SpringappApplicationTests.java:201)

backend_day21_testBookingServiceInterfaceAndImplementation  Time elapsed: 0.002 s  <<< FAILURE!
org.opentest4j.AssertionFailedError: Interface or implementation not found: com.examly.springapp.service.BookingService
	at com.examly.springapp.SpringappApplicationTests.backend_day21_testBookingServiceInterfaceAndImplementation(SpringappApplicationTests.java:215)

backend_day22_testExceptionFile  Time elapsed: 0.002 s  <<< FAILURE!
org.opentest4j.AssertionFailedError: expected: <true> but was: <false>
	at com.examly.springapp.SpringappApplicationTests.backend_day22_testExceptionFile(SpringappApplicationTests.java:226)

backend_day24_testControllerBooking  Time elapsed: 0.004 s  <<< FAILURE!
org.opentest4j.AssertionFailedError: expected: <true> but was: <false>
	at com.examly.springapp.SpringappApplicationTests.backend_day24_testControllerBooking(SpringappApplicationTests.java:236)

backend_day24_testGetAllBookings  Time elapsed: 0.022 s  <<< FAILURE!
java.lang.AssertionError: Status expected:<200> but was:<404>
	at com.examly.springapp.SpringappApplicationTests.backend_day24_testGetAllBookings(SpringappApplicationTests.java:244)

backend_day25_testEntityUserFile  Time elapsed: 0.002 s  <<< FAILURE!
org.opentest4j.AssertionFailedError: expected: <true> but was: <false>
	at com.examly.springapp.SpringappApplicationTests.backend_day25_testEntityUserFile(SpringappApplicationTests.java:256)

backend_day26_testCorsUserFile  Time elapsed: 0.002 s  <<< FAILURE!
org.opentest4j.AssertionFailedError: expected: <true> but was: <false>
	at com.examly.springapp.SpringappApplicationTests.backend_day26_testCorsUserFile(SpringappApplicationTests.java:266)

