-------------------------------------------------------------------------------
Test set: com.examly.springapp.SpringappApplicationTests
-------------------------------------------------------------------------------
Tests run: 19, Failures: 0, Errors: 19, Skipped: 0, Time elapsed: 12.844 s <<< FAILURE! - in com.examly.springapp.SpringappApplicationTests
backend_day15_testControllerDirectoryExists  Time elapsed: 0.003 s  <<< ERROR!
java.lang.IllegalStateException: Failed to load ApplicationContext for [WebMergedContextConfiguration@37a0fc8c testClass = com.examly.springapp.SpringappApplicationTests, locations = [], classes = [com.examly.springapp.SpringappApplication], contextInitializerClasses = [], activeProfiles = [], propertySourceLocations = [], propertySourceProperties = ["org.springframework.boot.test.context.SpringBootTestContextBootstrapper=true"], contextCustomizers = [[ImportsContextCustomizer@1ba3c03d key = [org.springframework.boot.test.autoconfigure.web.servlet.MockMvcAutoConfiguration, org.springframework.boot.test.autoconfigure.web.servlet.MockMvcWebClientAutoConfiguration, org.springframework.boot.test.autoconfigure.web.servlet.MockMvcWebDriverAutoConfiguration, org.springframework.boot.autoconfigure.security.oauth2.client.servlet.OAuth2ClientAutoConfiguration, org.springframework.boot.autoconfigure.security.oauth2.resource.servlet.OAuth2ResourceServerAutoConfiguration, org.springframework.boot.autoconfigure.security.servlet.SecurityAutoConfiguration, org.springframework.boot.autoconfigure.security.servlet.SecurityFilterAutoConfiguration, org.springframework.boot.autoconfigure.security.servlet.UserDetailsServiceAutoConfiguration, org.springframework.boot.test.autoconfigure.web.servlet.MockMvcSecurityConfiguration, org.springframework.boot.test.autoconfigure.web.reactive.WebTestClientAutoConfiguration]], org.springframework.boot.test.context.filter.ExcludeFilterContextCustomizer@6892b3b6, org.springframework.boot.test.json.DuplicateJsonObjectContextCustomizerFactory$DuplicateJsonObjectContextCustomizer@449a4f23, org.springframework.boot.test.mock.mockito.MockitoContextCustomizer@0, org.springframework.boot.test.web.client.TestRestTemplateContextCustomizer@3e27ba32, org.springframework.boot.test.autoconfigure.actuate.observability.ObservabilityContextCustomizerFactory$DisableObservabilityContextCustomizer@9da1, org.springframework.boot.test.autoconfigure.properties.PropertyMappingContextCustomizer@4b3fa0b3, org.springframework.boot.test.autoconfigure.web.servlet.WebDriverContextCustomizerFactory$Customizer@7f485fda, org.springframework.boot.test.context.SpringBootTestAnnotation@54d14418], resourceBasePath = "src/main/webapp", contextLoader = org.springframework.boot.test.context.SpringBootContextLoader, parent = null]
Caused by: org.springframework.beans.factory.UnsatisfiedDependencyException: Error creating bean with name 'bookingController': Unsatisfied dependency expressed through method 'setBookingService' parameter 0: Error creating bean with name 'bookingServiceImpl': Unsatisfied dependency expressed through method 'setBookingRepo' parameter 0: Error creating bean with name 'bookingRepo' defined in com.examly.springapp.repository.BookingRepo defined in @EnableJpaRepositories declared on JpaRepositoriesRegistrar.EnableJpaRepositoriesConfiguration: Could not create query for public abstract java.util.List com.examly.springapp.repository.BookingRepo.findByUserUserId(int); Reason: Failed to create query for method public abstract java.util.List com.examly.springapp.repository.BookingRepo.findByUserUserId(int); No property 'userUserId' found for type 'Booking'
Caused by: org.springframework.beans.factory.UnsatisfiedDependencyException: Error creating bean with name 'bookingServiceImpl': Unsatisfied dependency expressed through method 'setBookingRepo' parameter 0: Error creating bean with name 'bookingRepo' defined in com.examly.springapp.repository.BookingRepo defined in @EnableJpaRepositories declared on JpaRepositoriesRegistrar.EnableJpaRepositoriesConfiguration: Could not create query for public abstract java.util.List com.examly.springapp.repository.BookingRepo.findByUserUserId(int); Reason: Failed to create query for method public abstract java.util.List com.examly.springapp.repository.BookingRepo.findByUserUserId(int); No property 'userUserId' found for type 'Booking'
Caused by: org.springframework.beans.factory.BeanCreationException: Error creating bean with name 'bookingRepo' defined in com.examly.springapp.repository.BookingRepo defined in @EnableJpaRepositories declared on JpaRepositoriesRegistrar.EnableJpaRepositoriesConfiguration: Could not create query for public abstract java.util.List com.examly.springapp.repository.BookingRepo.findByUserUserId(int); Reason: Failed to create query for method public abstract java.util.List com.examly.springapp.repository.BookingRepo.findByUserUserId(int); No property 'userUserId' found for type 'Booking'
Caused by: org.springframework.data.repository.query.QueryCreationException: Could not create query for public abstract java.util.List com.examly.springapp.repository.BookingRepo.findByUserUserId(int); Reason: Failed to create query for method public abstract java.util.List com.examly.springapp.repository.BookingRepo.findByUserUserId(int); No property 'userUserId' found for type 'Booking'
Caused by: java.lang.IllegalArgumentException: Failed to create query for method public abstract java.util.List com.examly.springapp.repository.BookingRepo.findByUserUserId(int); No property 'userUserId' found for type 'Booking'
Caused by: org.springframework.data.mapping.PropertyReferenceException: No property 'userUserId' found for type 'Booking'

backend_day15_testControllerFileExists  Time elapsed: 0 s  <<< ERROR!
java.lang.IllegalStateException: Failed to load ApplicationContext for [WebMergedContextConfiguration@37a0fc8c testClass = com.examly.springapp.SpringappApplicationTests, locations = [], classes = [com.examly.springapp.SpringappApplication], contextInitializerClasses = [], activeProfiles = [], propertySourceLocations = [], propertySourceProperties = ["org.springframework.boot.test.context.SpringBootTestContextBootstrapper=true"], contextCustomizers = [[ImportsContextCustomizer@1ba3c03d key = [org.springframework.boot.test.autoconfigure.web.servlet.MockMvcAutoConfiguration, org.springframework.boot.test.autoconfigure.web.servlet.MockMvcWebClientAutoConfiguration, org.springframework.boot.test.autoconfigure.web.servlet.MockMvcWebDriverAutoConfiguration, org.springframework.boot.autoconfigure.security.oauth2.client.servlet.OAuth2ClientAutoConfiguration, org.springframework.boot.autoconfigure.security.oauth2.resource.servlet.OAuth2ResourceServerAutoConfiguration, org.springframework.boot.autoconfigure.security.servlet.SecurityAutoConfiguration, org.springframework.boot.autoconfigure.security.servlet.SecurityFilterAutoConfiguration, org.springframework.boot.autoconfigure.security.servlet.UserDetailsServiceAutoConfiguration, org.springframework.boot.test.autoconfigure.web.servlet.MockMvcSecurityConfiguration, org.springframework.boot.test.autoconfigure.web.reactive.WebTestClientAutoConfiguration]], org.springframework.boot.test.context.filter.ExcludeFilterContextCustomizer@6892b3b6, org.springframework.boot.test.json.DuplicateJsonObjectContextCustomizerFactory$DuplicateJsonObjectContextCustomizer@449a4f23, org.springframework.boot.test.mock.mockito.MockitoContextCustomizer@0, org.springframework.boot.test.web.client.TestRestTemplateContextCustomizer@3e27ba32, org.springframework.boot.test.autoconfigure.actuate.observability.ObservabilityContextCustomizerFactory$DisableObservabilityContextCustomizer@9da1, org.springframework.boot.test.autoconfigure.properties.PropertyMappingContextCustomizer@4b3fa0b3, org.springframework.boot.test.autoconfigure.web.servlet.WebDriverContextCustomizerFactory$Customizer@7f485fda, org.springframework.boot.test.context.SpringBootTestAnnotation@54d14418], resourceBasePath = "src/main/webapp", contextLoader = org.springframework.boot.test.context.SpringBootContextLoader, parent = null]
Caused by: org.springframework.beans.factory.UnsatisfiedDependencyException: Error creating bean with name 'bookingController': Unsatisfied dependency expressed through method 'setBookingService' parameter 0: Error creating bean with name 'bookingServiceImpl': Unsatisfied dependency expressed through method 'setBookingRepo' parameter 0: Error creating bean with name 'bookingRepo' defined in com.examly.springapp.repository.BookingRepo defined in @EnableJpaRepositories declared on JpaRepositoriesRegistrar.EnableJpaRepositoriesConfiguration: Could not create query for public abstract java.util.List com.examly.springapp.repository.BookingRepo.findByUserUserId(int); Reason: Failed to create query for method public abstract java.util.List com.examly.springapp.repository.BookingRepo.findByUserUserId(int); No property 'userUserId' found for type 'Booking'
Caused by: org.springframework.beans.factory.UnsatisfiedDependencyException: Error creating bean with name 'bookingServiceImpl': Unsatisfied dependency expressed through method 'setBookingRepo' parameter 0: Error creating bean with name 'bookingRepo' defined in com.examly.springapp.repository.BookingRepo defined in @EnableJpaRepositories declared on JpaRepositoriesRegistrar.EnableJpaRepositoriesConfiguration: Could not create query for public abstract java.util.List com.examly.springapp.repository.BookingRepo.findByUserUserId(int); Reason: Failed to create query for method public abstract java.util.List com.examly.springapp.repository.BookingRepo.findByUserUserId(int); No property 'userUserId' found for type 'Booking'
Caused by: org.springframework.beans.factory.BeanCreationException: Error creating bean with name 'bookingRepo' defined in com.examly.springapp.repository.BookingRepo defined in @EnableJpaRepositories declared on JpaRepositoriesRegistrar.EnableJpaRepositoriesConfiguration: Could not create query for public abstract java.util.List com.examly.springapp.repository.BookingRepo.findByUserUserId(int); Reason: Failed to create query for method public abstract java.util.List com.examly.springapp.repository.BookingRepo.findByUserUserId(int); No property 'userUserId' found for type 'Booking'
Caused by: org.springframework.data.repository.query.QueryCreationException: Could not create query for public abstract java.util.List com.examly.springapp.repository.BookingRepo.findByUserUserId(int); Reason: Failed to create query for method public abstract java.util.List com.examly.springapp.repository.BookingRepo.findByUserUserId(int); No property 'userUserId' found for type 'Booking'
Caused by: java.lang.IllegalArgumentException: Failed to create query for method public abstract java.util.List com.examly.springapp.repository.BookingRepo.findByUserUserId(int); No property 'userUserId' found for type 'Booking'
Caused by: org.springframework.data.mapping.PropertyReferenceException: No property 'userUserId' found for type 'Booking'

backend_day15_testWelcomeApi  Time elapsed: 0 s  <<< ERROR!
java.lang.IllegalStateException: Failed to load ApplicationContext for [WebMergedContextConfiguration@37a0fc8c testClass = com.examly.springapp.SpringappApplicationTests, locations = [], classes = [com.examly.springapp.SpringappApplication], contextInitializerClasses = [], activeProfiles = [], propertySourceLocations = [], propertySourceProperties = ["org.springframework.boot.test.context.SpringBootTestContextBootstrapper=true"], contextCustomizers = [[ImportsContextCustomizer@1ba3c03d key = [org.springframework.boot.test.autoconfigure.web.servlet.MockMvcAutoConfiguration, org.springframework.boot.test.autoconfigure.web.servlet.MockMvcWebClientAutoConfiguration, org.springframework.boot.test.autoconfigure.web.servlet.MockMvcWebDriverAutoConfiguration, org.springframework.boot.autoconfigure.security.oauth2.client.servlet.OAuth2ClientAutoConfiguration, org.springframework.boot.autoconfigure.security.oauth2.resource.servlet.OAuth2ResourceServerAutoConfiguration, org.springframework.boot.autoconfigure.security.servlet.SecurityAutoConfiguration, org.springframework.boot.autoconfigure.security.servlet.SecurityFilterAutoConfiguration, org.springframework.boot.autoconfigure.security.servlet.UserDetailsServiceAutoConfiguration, org.springframework.boot.test.autoconfigure.web.servlet.MockMvcSecurityConfiguration, org.springframework.boot.test.autoconfigure.web.reactive.WebTestClientAutoConfiguration]], org.springframework.boot.test.context.filter.ExcludeFilterContextCustomizer@6892b3b6, org.springframework.boot.test.json.DuplicateJsonObjectContextCustomizerFactory$DuplicateJsonObjectContextCustomizer@449a4f23, org.springframework.boot.test.mock.mockito.MockitoContextCustomizer@0, org.springframework.boot.test.web.client.TestRestTemplateContextCustomizer@3e27ba32, org.springframework.boot.test.autoconfigure.actuate.observability.ObservabilityContextCustomizerFactory$DisableObservabilityContextCustomizer@9da1, org.springframework.boot.test.autoconfigure.properties.PropertyMappingContextCustomizer@4b3fa0b3, org.springframework.boot.test.autoconfigure.web.servlet.WebDriverContextCustomizerFactory$Customizer@7f485fda, org.springframework.boot.test.context.SpringBootTestAnnotation@54d14418], resourceBasePath = "src/main/webapp", contextLoader = org.springframework.boot.test.context.SpringBootContextLoader, parent = null]
Caused by: org.springframework.beans.factory.UnsatisfiedDependencyException: Error creating bean with name 'bookingController': Unsatisfied dependency expressed through method 'setBookingService' parameter 0: Error creating bean with name 'bookingServiceImpl': Unsatisfied dependency expressed through method 'setBookingRepo' parameter 0: Error creating bean with name 'bookingRepo' defined in com.examly.springapp.repository.BookingRepo defined in @EnableJpaRepositories declared on JpaRepositoriesRegistrar.EnableJpaRepositoriesConfiguration: Could not create query for public abstract java.util.List com.examly.springapp.repository.BookingRepo.findByUserUserId(int); Reason: Failed to create query for method public abstract java.util.List com.examly.springapp.repository.BookingRepo.findByUserUserId(int); No property 'userUserId' found for type 'Booking'
Caused by: org.springframework.beans.factory.UnsatisfiedDependencyException: Error creating bean with name 'bookingServiceImpl': Unsatisfied dependency expressed through method 'setBookingRepo' parameter 0: Error creating bean with name 'bookingRepo' defined in com.examly.springapp.repository.BookingRepo defined in @EnableJpaRepositories declared on JpaRepositoriesRegistrar.EnableJpaRepositoriesConfiguration: Could not create query for public abstract java.util.List com.examly.springapp.repository.BookingRepo.findByUserUserId(int); Reason: Failed to create query for method public abstract java.util.List com.examly.springapp.repository.BookingRepo.findByUserUserId(int); No property 'userUserId' found for type 'Booking'
Caused by: org.springframework.beans.factory.BeanCreationException: Error creating bean with name 'bookingRepo' defined in com.examly.springapp.repository.BookingRepo defined in @EnableJpaRepositories declared on JpaRepositoriesRegistrar.EnableJpaRepositoriesConfiguration: Could not create query for public abstract java.util.List com.examly.springapp.repository.BookingRepo.findByUserUserId(int); Reason: Failed to create query for method public abstract java.util.List com.examly.springapp.repository.BookingRepo.findByUserUserId(int); No property 'userUserId' found for type 'Booking'
Caused by: org.springframework.data.repository.query.QueryCreationException: Could not create query for public abstract java.util.List com.examly.springapp.repository.BookingRepo.findByUserUserId(int); Reason: Failed to create query for method public abstract java.util.List com.examly.springapp.repository.BookingRepo.findByUserUserId(int); No property 'userUserId' found for type 'Booking'
Caused by: java.lang.IllegalArgumentException: Failed to create query for method public abstract java.util.List com.examly.springapp.repository.BookingRepo.findByUserUserId(int); No property 'userUserId' found for type 'Booking'
Caused by: org.springframework.data.mapping.PropertyReferenceException: No property 'userUserId' found for type 'Booking'

backend_day16_testModelDirectoryExists  Time elapsed: 0.001 s  <<< ERROR!
java.lang.IllegalStateException: Failed to load ApplicationContext for [WebMergedContextConfiguration@37a0fc8c testClass = com.examly.springapp.SpringappApplicationTests, locations = [], classes = [com.examly.springapp.SpringappApplication], contextInitializerClasses = [], activeProfiles = [], propertySourceLocations = [], propertySourceProperties = ["org.springframework.boot.test.context.SpringBootTestContextBootstrapper=true"], contextCustomizers = [[ImportsContextCustomizer@1ba3c03d key = [org.springframework.boot.test.autoconfigure.web.servlet.MockMvcAutoConfiguration, org.springframework.boot.test.autoconfigure.web.servlet.MockMvcWebClientAutoConfiguration, org.springframework.boot.test.autoconfigure.web.servlet.MockMvcWebDriverAutoConfiguration, org.springframework.boot.autoconfigure.security.oauth2.client.servlet.OAuth2ClientAutoConfiguration, org.springframework.boot.autoconfigure.security.oauth2.resource.servlet.OAuth2ResourceServerAutoConfiguration, org.springframework.boot.autoconfigure.security.servlet.SecurityAutoConfiguration, org.springframework.boot.autoconfigure.security.servlet.SecurityFilterAutoConfiguration, org.springframework.boot.autoconfigure.security.servlet.UserDetailsServiceAutoConfiguration, org.springframework.boot.test.autoconfigure.web.servlet.MockMvcSecurityConfiguration, org.springframework.boot.test.autoconfigure.web.reactive.WebTestClientAutoConfiguration]], org.springframework.boot.test.context.filter.ExcludeFilterContextCustomizer@6892b3b6, org.springframework.boot.test.json.DuplicateJsonObjectContextCustomizerFactory$DuplicateJsonObjectContextCustomizer@449a4f23, org.springframework.boot.test.mock.mockito.MockitoContextCustomizer@0, org.springframework.boot.test.web.client.TestRestTemplateContextCustomizer@3e27ba32, org.springframework.boot.test.autoconfigure.actuate.observability.ObservabilityContextCustomizerFactory$DisableObservabilityContextCustomizer@9da1, org.springframework.boot.test.autoconfigure.properties.PropertyMappingContextCustomizer@4b3fa0b3, org.springframework.boot.test.autoconfigure.web.servlet.WebDriverContextCustomizerFactory$Customizer@7f485fda, org.springframework.boot.test.context.SpringBootTestAnnotation@54d14418], resourceBasePath = "src/main/webapp", contextLoader = org.springframework.boot.test.context.SpringBootContextLoader, parent = null]
Caused by: org.springframework.beans.factory.UnsatisfiedDependencyException: Error creating bean with name 'bookingController': Unsatisfied dependency expressed through method 'setBookingService' parameter 0: Error creating bean with name 'bookingServiceImpl': Unsatisfied dependency expressed through method 'setBookingRepo' parameter 0: Error creating bean with name 'bookingRepo' defined in com.examly.springapp.repository.BookingRepo defined in @EnableJpaRepositories declared on JpaRepositoriesRegistrar.EnableJpaRepositoriesConfiguration: Could not create query for public abstract java.util.List com.examly.springapp.repository.BookingRepo.findByUserUserId(int); Reason: Failed to create query for method public abstract java.util.List com.examly.springapp.repository.BookingRepo.findByUserUserId(int); No property 'userUserId' found for type 'Booking'
Caused by: org.springframework.beans.factory.UnsatisfiedDependencyException: Error creating bean with name 'bookingServiceImpl': Unsatisfied dependency expressed through method 'setBookingRepo' parameter 0: Error creating bean with name 'bookingRepo' defined in com.examly.springapp.repository.BookingRepo defined in @EnableJpaRepositories declared on JpaRepositoriesRegistrar.EnableJpaRepositoriesConfiguration: Could not create query for public abstract java.util.List com.examly.springapp.repository.BookingRepo.findByUserUserId(int); Reason: Failed to create query for method public abstract java.util.List com.examly.springapp.repository.BookingRepo.findByUserUserId(int); No property 'userUserId' found for type 'Booking'
Caused by: org.springframework.beans.factory.BeanCreationException: Error creating bean with name 'bookingRepo' defined in com.examly.springapp.repository.BookingRepo defined in @EnableJpaRepositories declared on JpaRepositoriesRegistrar.EnableJpaRepositoriesConfiguration: Could not create query for public abstract java.util.List com.examly.springapp.repository.BookingRepo.findByUserUserId(int); Reason: Failed to create query for method public abstract java.util.List com.examly.springapp.repository.BookingRepo.findByUserUserId(int); No property 'userUserId' found for type 'Booking'
Caused by: org.springframework.data.repository.query.QueryCreationException: Could not create query for public abstract java.util.List com.examly.springapp.repository.BookingRepo.findByUserUserId(int); Reason: Failed to create query for method public abstract java.util.List com.examly.springapp.repository.BookingRepo.findByUserUserId(int); No property 'userUserId' found for type 'Booking'
Caused by: java.lang.IllegalArgumentException: Failed to create query for method public abstract java.util.List com.examly.springapp.repository.BookingRepo.findByUserUserId(int); No property 'userUserId' found for type 'Booking'
Caused by: org.springframework.data.mapping.PropertyReferenceException: No property 'userUserId' found for type 'Booking'

backend_day16_testFlightModelFileExists  Time elapsed: 0 s  <<< ERROR!
java.lang.IllegalStateException: Failed to load ApplicationContext for [WebMergedContextConfiguration@37a0fc8c testClass = com.examly.springapp.SpringappApplicationTests, locations = [], classes = [com.examly.springapp.SpringappApplication], contextInitializerClasses = [], activeProfiles = [], propertySourceLocations = [], propertySourceProperties = ["org.springframework.boot.test.context.SpringBootTestContextBootstrapper=true"], contextCustomizers = [[ImportsContextCustomizer@1ba3c03d key = [org.springframework.boot.test.autoconfigure.web.servlet.MockMvcAutoConfiguration, org.springframework.boot.test.autoconfigure.web.servlet.MockMvcWebClientAutoConfiguration, org.springframework.boot.test.autoconfigure.web.servlet.MockMvcWebDriverAutoConfiguration, org.springframework.boot.autoconfigure.security.oauth2.client.servlet.OAuth2ClientAutoConfiguration, org.springframework.boot.autoconfigure.security.oauth2.resource.servlet.OAuth2ResourceServerAutoConfiguration, org.springframework.boot.autoconfigure.security.servlet.SecurityAutoConfiguration, org.springframework.boot.autoconfigure.security.servlet.SecurityFilterAutoConfiguration, org.springframework.boot.autoconfigure.security.servlet.UserDetailsServiceAutoConfiguration, org.springframework.boot.test.autoconfigure.web.servlet.MockMvcSecurityConfiguration, org.springframework.boot.test.autoconfigure.web.reactive.WebTestClientAutoConfiguration]], org.springframework.boot.test.context.filter.ExcludeFilterContextCustomizer@6892b3b6, org.springframework.boot.test.json.DuplicateJsonObjectContextCustomizerFactory$DuplicateJsonObjectContextCustomizer@449a4f23, org.springframework.boot.test.mock.mockito.MockitoContextCustomizer@0, org.springframework.boot.test.web.client.TestRestTemplateContextCustomizer@3e27ba32, org.springframework.boot.test.autoconfigure.actuate.observability.ObservabilityContextCustomizerFactory$DisableObservabilityContextCustomizer@9da1, org.springframework.boot.test.autoconfigure.properties.PropertyMappingContextCustomizer@4b3fa0b3, org.springframework.boot.test.autoconfigure.web.servlet.WebDriverContextCustomizerFactory$Customizer@7f485fda, org.springframework.boot.test.context.SpringBootTestAnnotation@54d14418], resourceBasePath = "src/main/webapp", contextLoader = org.springframework.boot.test.context.SpringBootContextLoader, parent = null]
Caused by: org.springframework.beans.factory.UnsatisfiedDependencyException: Error creating bean with name 'bookingController': Unsatisfied dependency expressed through method 'setBookingService' parameter 0: Error creating bean with name 'bookingServiceImpl': Unsatisfied dependency expressed through method 'setBookingRepo' parameter 0: Error creating bean with name 'bookingRepo' defined in com.examly.springapp.repository.BookingRepo defined in @EnableJpaRepositories declared on JpaRepositoriesRegistrar.EnableJpaRepositoriesConfiguration: Could not create query for public abstract java.util.List com.examly.springapp.repository.BookingRepo.findByUserUserId(int); Reason: Failed to create query for method public abstract java.util.List com.examly.springapp.repository.BookingRepo.findByUserUserId(int); No property 'userUserId' found for type 'Booking'
Caused by: org.springframework.beans.factory.UnsatisfiedDependencyException: Error creating bean with name 'bookingServiceImpl': Unsatisfied dependency expressed through method 'setBookingRepo' parameter 0: Error creating bean with name 'bookingRepo' defined in com.examly.springapp.repository.BookingRepo defined in @EnableJpaRepositories declared on JpaRepositoriesRegistrar.EnableJpaRepositoriesConfiguration: Could not create query for public abstract java.util.List com.examly.springapp.repository.BookingRepo.findByUserUserId(int); Reason: Failed to create query for method public abstract java.util.List com.examly.springapp.repository.BookingRepo.findByUserUserId(int); No property 'userUserId' found for type 'Booking'
Caused by: org.springframework.beans.factory.BeanCreationException: Error creating bean with name 'bookingRepo' defined in com.examly.springapp.repository.BookingRepo defined in @EnableJpaRepositories declared on JpaRepositoriesRegistrar.EnableJpaRepositoriesConfiguration: Could not create query for public abstract java.util.List com.examly.springapp.repository.BookingRepo.findByUserUserId(int); Reason: Failed to create query for method public abstract java.util.List com.examly.springapp.repository.BookingRepo.findByUserUserId(int); No property 'userUserId' found for type 'Booking'
Caused by: org.springframework.data.repository.query.QueryCreationException: Could not create query for public abstract java.util.List com.examly.springapp.repository.BookingRepo.findByUserUserId(int); Reason: Failed to create query for method public abstract java.util.List com.examly.springapp.repository.BookingRepo.findByUserUserId(int); No property 'userUserId' found for type 'Booking'
Caused by: java.lang.IllegalArgumentException: Failed to create query for method public abstract java.util.List com.examly.springapp.repository.BookingRepo.findByUserUserId(int); No property 'userUserId' found for type 'Booking'
Caused by: org.springframework.data.mapping.PropertyReferenceException: No property 'userUserId' found for type 'Booking'

backend_day16_testGetAllFlightList  Time elapsed: 0 s  <<< ERROR!
java.lang.IllegalStateException: Failed to load ApplicationContext for [WebMergedContextConfiguration@37a0fc8c testClass = com.examly.springapp.SpringappApplicationTests, locations = [], classes = [com.examly.springapp.SpringappApplication], contextInitializerClasses = [], activeProfiles = [], propertySourceLocations = [], propertySourceProperties = ["org.springframework.boot.test.context.SpringBootTestContextBootstrapper=true"], contextCustomizers = [[ImportsContextCustomizer@1ba3c03d key = [org.springframework.boot.test.autoconfigure.web.servlet.MockMvcAutoConfiguration, org.springframework.boot.test.autoconfigure.web.servlet.MockMvcWebClientAutoConfiguration, org.springframework.boot.test.autoconfigure.web.servlet.MockMvcWebDriverAutoConfiguration, org.springframework.boot.autoconfigure.security.oauth2.client.servlet.OAuth2ClientAutoConfiguration, org.springframework.boot.autoconfigure.security.oauth2.resource.servlet.OAuth2ResourceServerAutoConfiguration, org.springframework.boot.autoconfigure.security.servlet.SecurityAutoConfiguration, org.springframework.boot.autoconfigure.security.servlet.SecurityFilterAutoConfiguration, org.springframework.boot.autoconfigure.security.servlet.UserDetailsServiceAutoConfiguration, org.springframework.boot.test.autoconfigure.web.servlet.MockMvcSecurityConfiguration, org.springframework.boot.test.autoconfigure.web.reactive.WebTestClientAutoConfiguration]], org.springframework.boot.test.context.filter.ExcludeFilterContextCustomizer@6892b3b6, org.springframework.boot.test.json.DuplicateJsonObjectContextCustomizerFactory$DuplicateJsonObjectContextCustomizer@449a4f23, org.springframework.boot.test.mock.mockito.MockitoContextCustomizer@0, org.springframework.boot.test.web.client.TestRestTemplateContextCustomizer@3e27ba32, org.springframework.boot.test.autoconfigure.actuate.observability.ObservabilityContextCustomizerFactory$DisableObservabilityContextCustomizer@9da1, org.springframework.boot.test.autoconfigure.properties.PropertyMappingContextCustomizer@4b3fa0b3, org.springframework.boot.test.autoconfigure.web.servlet.WebDriverContextCustomizerFactory$Customizer@7f485fda, org.springframework.boot.test.context.SpringBootTestAnnotation@54d14418], resourceBasePath = "src/main/webapp", contextLoader = org.springframework.boot.test.context.SpringBootContextLoader, parent = null]
Caused by: org.springframework.beans.factory.UnsatisfiedDependencyException: Error creating bean with name 'bookingController': Unsatisfied dependency expressed through method 'setBookingService' parameter 0: Error creating bean with name 'bookingServiceImpl': Unsatisfied dependency expressed through method 'setBookingRepo' parameter 0: Error creating bean with name 'bookingRepo' defined in com.examly.springapp.repository.BookingRepo defined in @EnableJpaRepositories declared on JpaRepositoriesRegistrar.EnableJpaRepositoriesConfiguration: Could not create query for public abstract java.util.List com.examly.springapp.repository.BookingRepo.findByUserUserId(int); Reason: Failed to create query for method public abstract java.util.List com.examly.springapp.repository.BookingRepo.findByUserUserId(int); No property 'userUserId' found for type 'Booking'
Caused by: org.springframework.beans.factory.UnsatisfiedDependencyException: Error creating bean with name 'bookingServiceImpl': Unsatisfied dependency expressed through method 'setBookingRepo' parameter 0: Error creating bean with name 'bookingRepo' defined in com.examly.springapp.repository.BookingRepo defined in @EnableJpaRepositories declared on JpaRepositoriesRegistrar.EnableJpaRepositoriesConfiguration: Could not create query for public abstract java.util.List com.examly.springapp.repository.BookingRepo.findByUserUserId(int); Reason: Failed to create query for method public abstract java.util.List com.examly.springapp.repository.BookingRepo.findByUserUserId(int); No property 'userUserId' found for type 'Booking'
Caused by: org.springframework.beans.factory.BeanCreationException: Error creating bean with name 'bookingRepo' defined in com.examly.springapp.repository.BookingRepo defined in @EnableJpaRepositories declared on JpaRepositoriesRegistrar.EnableJpaRepositoriesConfiguration: Could not create query for public abstract java.util.List com.examly.springapp.repository.BookingRepo.findByUserUserId(int); Reason: Failed to create query for method public abstract java.util.List com.examly.springapp.repository.BookingRepo.findByUserUserId(int); No property 'userUserId' found for type 'Booking'
Caused by: org.springframework.data.repository.query.QueryCreationException: Could not create query for public abstract java.util.List com.examly.springapp.repository.BookingRepo.findByUserUserId(int); Reason: Failed to create query for method public abstract java.util.List com.examly.springapp.repository.BookingRepo.findByUserUserId(int); No property 'userUserId' found for type 'Booking'
Caused by: java.lang.IllegalArgumentException: Failed to create query for method public abstract java.util.List com.examly.springapp.repository.BookingRepo.findByUserUserId(int); No property 'userUserId' found for type 'Booking'
Caused by: org.springframework.data.mapping.PropertyReferenceException: No property 'userUserId' found for type 'Booking'

backend_day17_testFlightControllerFileExists  Time elapsed: 0.001 s  <<< ERROR!
java.lang.IllegalStateException: Failed to load ApplicationContext for [WebMergedContextConfiguration@37a0fc8c testClass = com.examly.springapp.SpringappApplicationTests, locations = [], classes = [com.examly.springapp.SpringappApplication], contextInitializerClasses = [], activeProfiles = [], propertySourceLocations = [], propertySourceProperties = ["org.springframework.boot.test.context.SpringBootTestContextBootstrapper=true"], contextCustomizers = [[ImportsContextCustomizer@1ba3c03d key = [org.springframework.boot.test.autoconfigure.web.servlet.MockMvcAutoConfiguration, org.springframework.boot.test.autoconfigure.web.servlet.MockMvcWebClientAutoConfiguration, org.springframework.boot.test.autoconfigure.web.servlet.MockMvcWebDriverAutoConfiguration, org.springframework.boot.autoconfigure.security.oauth2.client.servlet.OAuth2ClientAutoConfiguration, org.springframework.boot.autoconfigure.security.oauth2.resource.servlet.OAuth2ResourceServerAutoConfiguration, org.springframework.boot.autoconfigure.security.servlet.SecurityAutoConfiguration, org.springframework.boot.autoconfigure.security.servlet.SecurityFilterAutoConfiguration, org.springframework.boot.autoconfigure.security.servlet.UserDetailsServiceAutoConfiguration, org.springframework.boot.test.autoconfigure.web.servlet.MockMvcSecurityConfiguration, org.springframework.boot.test.autoconfigure.web.reactive.WebTestClientAutoConfiguration]], org.springframework.boot.test.context.filter.ExcludeFilterContextCustomizer@6892b3b6, org.springframework.boot.test.json.DuplicateJsonObjectContextCustomizerFactory$DuplicateJsonObjectContextCustomizer@449a4f23, org.springframework.boot.test.mock.mockito.MockitoContextCustomizer@0, org.springframework.boot.test.web.client.TestRestTemplateContextCustomizer@3e27ba32, org.springframework.boot.test.autoconfigure.actuate.observability.ObservabilityContextCustomizerFactory$DisableObservabilityContextCustomizer@9da1, org.springframework.boot.test.autoconfigure.properties.PropertyMappingContextCustomizer@4b3fa0b3, org.springframework.boot.test.autoconfigure.web.servlet.WebDriverContextCustomizerFactory$Customizer@7f485fda, org.springframework.boot.test.context.SpringBootTestAnnotation@54d14418], resourceBasePath = "src/main/webapp", contextLoader = org.springframework.boot.test.context.SpringBootContextLoader, parent = null]
Caused by: org.springframework.beans.factory.UnsatisfiedDependencyException: Error creating bean with name 'bookingController': Unsatisfied dependency expressed through method 'setBookingService' parameter 0: Error creating bean with name 'bookingServiceImpl': Unsatisfied dependency expressed through method 'setBookingRepo' parameter 0: Error creating bean with name 'bookingRepo' defined in com.examly.springapp.repository.BookingRepo defined in @EnableJpaRepositories declared on JpaRepositoriesRegistrar.EnableJpaRepositoriesConfiguration: Could not create query for public abstract java.util.List com.examly.springapp.repository.BookingRepo.findByUserUserId(int); Reason: Failed to create query for method public abstract java.util.List com.examly.springapp.repository.BookingRepo.findByUserUserId(int); No property 'userUserId' found for type 'Booking'
Caused by: org.springframework.beans.factory.UnsatisfiedDependencyException: Error creating bean with name 'bookingServiceImpl': Unsatisfied dependency expressed through method 'setBookingRepo' parameter 0: Error creating bean with name 'bookingRepo' defined in com.examly.springapp.repository.BookingRepo defined in @EnableJpaRepositories declared on JpaRepositoriesRegistrar.EnableJpaRepositoriesConfiguration: Could not create query for public abstract java.util.List com.examly.springapp.repository.BookingRepo.findByUserUserId(int); Reason: Failed to create query for method public abstract java.util.List com.examly.springapp.repository.BookingRepo.findByUserUserId(int); No property 'userUserId' found for type 'Booking'
Caused by: org.springframework.beans.factory.BeanCreationException: Error creating bean with name 'bookingRepo' defined in com.examly.springapp.repository.BookingRepo defined in @EnableJpaRepositories declared on JpaRepositoriesRegistrar.EnableJpaRepositoriesConfiguration: Could not create query for public abstract java.util.List com.examly.springapp.repository.BookingRepo.findByUserUserId(int); Reason: Failed to create query for method public abstract java.util.List com.examly.springapp.repository.BookingRepo.findByUserUserId(int); No property 'userUserId' found for type 'Booking'
Caused by: org.springframework.data.repository.query.QueryCreationException: Could not create query for public abstract java.util.List com.examly.springapp.repository.BookingRepo.findByUserUserId(int); Reason: Failed to create query for method public abstract java.util.List com.examly.springapp.repository.BookingRepo.findByUserUserId(int); No property 'userUserId' found for type 'Booking'
Caused by: java.lang.IllegalArgumentException: Failed to create query for method public abstract java.util.List com.examly.springapp.repository.BookingRepo.findByUserUserId(int); No property 'userUserId' found for type 'Booking'
Caused by: org.springframework.data.mapping.PropertyReferenceException: No property 'userUserId' found for type 'Booking'

backend_day17_testFlightServiceFileExists  Time elapsed: 0 s  <<< ERROR!
java.lang.IllegalStateException: Failed to load ApplicationContext for [WebMergedContextConfiguration@37a0fc8c testClass = com.examly.springapp.SpringappApplicationTests, locations = [], classes = [com.examly.springapp.SpringappApplication], contextInitializerClasses = [], activeProfiles = [], propertySourceLocations = [], propertySourceProperties = ["org.springframework.boot.test.context.SpringBootTestContextBootstrapper=true"], contextCustomizers = [[ImportsContextCustomizer@1ba3c03d key = [org.springframework.boot.test.autoconfigure.web.servlet.MockMvcAutoConfiguration, org.springframework.boot.test.autoconfigure.web.servlet.MockMvcWebClientAutoConfiguration, org.springframework.boot.test.autoconfigure.web.servlet.MockMvcWebDriverAutoConfiguration, org.springframework.boot.autoconfigure.security.oauth2.client.servlet.OAuth2ClientAutoConfiguration, org.springframework.boot.autoconfigure.security.oauth2.resource.servlet.OAuth2ResourceServerAutoConfiguration, org.springframework.boot.autoconfigure.security.servlet.SecurityAutoConfiguration, org.springframework.boot.autoconfigure.security.servlet.SecurityFilterAutoConfiguration, org.springframework.boot.autoconfigure.security.servlet.UserDetailsServiceAutoConfiguration, org.springframework.boot.test.autoconfigure.web.servlet.MockMvcSecurityConfiguration, org.springframework.boot.test.autoconfigure.web.reactive.WebTestClientAutoConfiguration]], org.springframework.boot.test.context.filter.ExcludeFilterContextCustomizer@6892b3b6, org.springframework.boot.test.json.DuplicateJsonObjectContextCustomizerFactory$DuplicateJsonObjectContextCustomizer@449a4f23, org.springframework.boot.test.mock.mockito.MockitoContextCustomizer@0, org.springframework.boot.test.web.client.TestRestTemplateContextCustomizer@3e27ba32, org.springframework.boot.test.autoconfigure.actuate.observability.ObservabilityContextCustomizerFactory$DisableObservabilityContextCustomizer@9da1, org.springframework.boot.test.autoconfigure.properties.PropertyMappingContextCustomizer@4b3fa0b3, org.springframework.boot.test.autoconfigure.web.servlet.WebDriverContextCustomizerFactory$Customizer@7f485fda, org.springframework.boot.test.context.SpringBootTestAnnotation@54d14418], resourceBasePath = "src/main/webapp", contextLoader = org.springframework.boot.test.context.SpringBootContextLoader, parent = null]
Caused by: org.springframework.beans.factory.UnsatisfiedDependencyException: Error creating bean with name 'bookingController': Unsatisfied dependency expressed through method 'setBookingService' parameter 0: Error creating bean with name 'bookingServiceImpl': Unsatisfied dependency expressed through method 'setBookingRepo' parameter 0: Error creating bean with name 'bookingRepo' defined in com.examly.springapp.repository.BookingRepo defined in @EnableJpaRepositories declared on JpaRepositoriesRegistrar.EnableJpaRepositoriesConfiguration: Could not create query for public abstract java.util.List com.examly.springapp.repository.BookingRepo.findByUserUserId(int); Reason: Failed to create query for method public abstract java.util.List com.examly.springapp.repository.BookingRepo.findByUserUserId(int); No property 'userUserId' found for type 'Booking'
Caused by: org.springframework.beans.factory.UnsatisfiedDependencyException: Error creating bean with name 'bookingServiceImpl': Unsatisfied dependency expressed through method 'setBookingRepo' parameter 0: Error creating bean with name 'bookingRepo' defined in com.examly.springapp.repository.BookingRepo defined in @EnableJpaRepositories declared on JpaRepositoriesRegistrar.EnableJpaRepositoriesConfiguration: Could not create query for public abstract java.util.List com.examly.springapp.repository.BookingRepo.findByUserUserId(int); Reason: Failed to create query for method public abstract java.util.List com.examly.springapp.repository.BookingRepo.findByUserUserId(int); No property 'userUserId' found for type 'Booking'
Caused by: org.springframework.beans.factory.BeanCreationException: Error creating bean with name 'bookingRepo' defined in com.examly.springapp.repository.BookingRepo defined in @EnableJpaRepositories declared on JpaRepositoriesRegistrar.EnableJpaRepositoriesConfiguration: Could not create query for public abstract java.util.List com.examly.springapp.repository.BookingRepo.findByUserUserId(int); Reason: Failed to create query for method public abstract java.util.List com.examly.springapp.repository.BookingRepo.findByUserUserId(int); No property 'userUserId' found for type 'Booking'
Caused by: org.springframework.data.repository.query.QueryCreationException: Could not create query for public abstract java.util.List com.examly.springapp.repository.BookingRepo.findByUserUserId(int); Reason: Failed to create query for method public abstract java.util.List com.examly.springapp.repository.BookingRepo.findByUserUserId(int); No property 'userUserId' found for type 'Booking'
Caused by: java.lang.IllegalArgumentException: Failed to create query for method public abstract java.util.List com.examly.springapp.repository.BookingRepo.findByUserUserId(int); No property 'userUserId' found for type 'Booking'
Caused by: org.springframework.data.mapping.PropertyReferenceException: No property 'userUserId' found for type 'Booking'

backend_day17_testAddFlight  Time elapsed: 0 s  <<< ERROR!
java.lang.IllegalStateException: Failed to load ApplicationContext for [WebMergedContextConfiguration@37a0fc8c testClass = com.examly.springapp.SpringappApplicationTests, locations = [], classes = [com.examly.springapp.SpringappApplication], contextInitializerClasses = [], activeProfiles = [], propertySourceLocations = [], propertySourceProperties = ["org.springframework.boot.test.context.SpringBootTestContextBootstrapper=true"], contextCustomizers = [[ImportsContextCustomizer@1ba3c03d key = [org.springframework.boot.test.autoconfigure.web.servlet.MockMvcAutoConfiguration, org.springframework.boot.test.autoconfigure.web.servlet.MockMvcWebClientAutoConfiguration, org.springframework.boot.test.autoconfigure.web.servlet.MockMvcWebDriverAutoConfiguration, org.springframework.boot.autoconfigure.security.oauth2.client.servlet.OAuth2ClientAutoConfiguration, org.springframework.boot.autoconfigure.security.oauth2.resource.servlet.OAuth2ResourceServerAutoConfiguration, org.springframework.boot.autoconfigure.security.servlet.SecurityAutoConfiguration, org.springframework.boot.autoconfigure.security.servlet.SecurityFilterAutoConfiguration, org.springframework.boot.autoconfigure.security.servlet.UserDetailsServiceAutoConfiguration, org.springframework.boot.test.autoconfigure.web.servlet.MockMvcSecurityConfiguration, org.springframework.boot.test.autoconfigure.web.reactive.WebTestClientAutoConfiguration]], org.springframework.boot.test.context.filter.ExcludeFilterContextCustomizer@6892b3b6, org.springframework.boot.test.json.DuplicateJsonObjectContextCustomizerFactory$DuplicateJsonObjectContextCustomizer@449a4f23, org.springframework.boot.test.mock.mockito.MockitoContextCustomizer@0, org.springframework.boot.test.web.client.TestRestTemplateContextCustomizer@3e27ba32, org.springframework.boot.test.autoconfigure.actuate.observability.ObservabilityContextCustomizerFactory$DisableObservabilityContextCustomizer@9da1, org.springframework.boot.test.autoconfigure.properties.PropertyMappingContextCustomizer@4b3fa0b3, org.springframework.boot.test.autoconfigure.web.servlet.WebDriverContextCustomizerFactory$Customizer@7f485fda, org.springframework.boot.test.context.SpringBootTestAnnotation@54d14418], resourceBasePath = "src/main/webapp", contextLoader = org.springframework.boot.test.context.SpringBootContextLoader, parent = null]
Caused by: org.springframework.beans.factory.UnsatisfiedDependencyException: Error creating bean with name 'bookingController': Unsatisfied dependency expressed through method 'setBookingService' parameter 0: Error creating bean with name 'bookingServiceImpl': Unsatisfied dependency expressed through method 'setBookingRepo' parameter 0: Error creating bean with name 'bookingRepo' defined in com.examly.springapp.repository.BookingRepo defined in @EnableJpaRepositories declared on JpaRepositoriesRegistrar.EnableJpaRepositoriesConfiguration: Could not create query for public abstract java.util.List com.examly.springapp.repository.BookingRepo.findByUserUserId(int); Reason: Failed to create query for method public abstract java.util.List com.examly.springapp.repository.BookingRepo.findByUserUserId(int); No property 'userUserId' found for type 'Booking'
Caused by: org.springframework.beans.factory.UnsatisfiedDependencyException: Error creating bean with name 'bookingServiceImpl': Unsatisfied dependency expressed through method 'setBookingRepo' parameter 0: Error creating bean with name 'bookingRepo' defined in com.examly.springapp.repository.BookingRepo defined in @EnableJpaRepositories declared on JpaRepositoriesRegistrar.EnableJpaRepositoriesConfiguration: Could not create query for public abstract java.util.List com.examly.springapp.repository.BookingRepo.findByUserUserId(int); Reason: Failed to create query for method public abstract java.util.List com.examly.springapp.repository.BookingRepo.findByUserUserId(int); No property 'userUserId' found for type 'Booking'
Caused by: org.springframework.beans.factory.BeanCreationException: Error creating bean with name 'bookingRepo' defined in com.examly.springapp.repository.BookingRepo defined in @EnableJpaRepositories declared on JpaRepositoriesRegistrar.EnableJpaRepositoriesConfiguration: Could not create query for public abstract java.util.List com.examly.springapp.repository.BookingRepo.findByUserUserId(int); Reason: Failed to create query for method public abstract java.util.List com.examly.springapp.repository.BookingRepo.findByUserUserId(int); No property 'userUserId' found for type 'Booking'
Caused by: org.springframework.data.repository.query.QueryCreationException: Could not create query for public abstract java.util.List com.examly.springapp.repository.BookingRepo.findByUserUserId(int); Reason: Failed to create query for method public abstract java.util.List com.examly.springapp.repository.BookingRepo.findByUserUserId(int); No property 'userUserId' found for type 'Booking'
Caused by: java.lang.IllegalArgumentException: Failed to create query for method public abstract java.util.List com.examly.springapp.repository.BookingRepo.findByUserUserId(int); No property 'userUserId' found for type 'Booking'
Caused by: org.springframework.data.mapping.PropertyReferenceException: No property 'userUserId' found for type 'Booking'

backend_day18_testGetAllFlights  Time elapsed: 0 s  <<< ERROR!
java.lang.IllegalStateException: Failed to load ApplicationContext for [WebMergedContextConfiguration@37a0fc8c testClass = com.examly.springapp.SpringappApplicationTests, locations = [], classes = [com.examly.springapp.SpringappApplication], contextInitializerClasses = [], activeProfiles = [], propertySourceLocations = [], propertySourceProperties = ["org.springframework.boot.test.context.SpringBootTestContextBootstrapper=true"], contextCustomizers = [[ImportsContextCustomizer@1ba3c03d key = [org.springframework.boot.test.autoconfigure.web.servlet.MockMvcAutoConfiguration, org.springframework.boot.test.autoconfigure.web.servlet.MockMvcWebClientAutoConfiguration, org.springframework.boot.test.autoconfigure.web.servlet.MockMvcWebDriverAutoConfiguration, org.springframework.boot.autoconfigure.security.oauth2.client.servlet.OAuth2ClientAutoConfiguration, org.springframework.boot.autoconfigure.security.oauth2.resource.servlet.OAuth2ResourceServerAutoConfiguration, org.springframework.boot.autoconfigure.security.servlet.SecurityAutoConfiguration, org.springframework.boot.autoconfigure.security.servlet.SecurityFilterAutoConfiguration, org.springframework.boot.autoconfigure.security.servlet.UserDetailsServiceAutoConfiguration, org.springframework.boot.test.autoconfigure.web.servlet.MockMvcSecurityConfiguration, org.springframework.boot.test.autoconfigure.web.reactive.WebTestClientAutoConfiguration]], org.springframework.boot.test.context.filter.ExcludeFilterContextCustomizer@6892b3b6, org.springframework.boot.test.json.DuplicateJsonObjectContextCustomizerFactory$DuplicateJsonObjectContextCustomizer@449a4f23, org.springframework.boot.test.mock.mockito.MockitoContextCustomizer@0, org.springframework.boot.test.web.client.TestRestTemplateContextCustomizer@3e27ba32, org.springframework.boot.test.autoconfigure.actuate.observability.ObservabilityContextCustomizerFactory$DisableObservabilityContextCustomizer@9da1, org.springframework.boot.test.autoconfigure.properties.PropertyMappingContextCustomizer@4b3fa0b3, org.springframework.boot.test.autoconfigure.web.servlet.WebDriverContextCustomizerFactory$Customizer@7f485fda, org.springframework.boot.test.context.SpringBootTestAnnotation@54d14418], resourceBasePath = "src/main/webapp", contextLoader = org.springframework.boot.test.context.SpringBootContextLoader, parent = null]
Caused by: org.springframework.beans.factory.UnsatisfiedDependencyException: Error creating bean with name 'bookingController': Unsatisfied dependency expressed through method 'setBookingService' parameter 0: Error creating bean with name 'bookingServiceImpl': Unsatisfied dependency expressed through method 'setBookingRepo' parameter 0: Error creating bean with name 'bookingRepo' defined in com.examly.springapp.repository.BookingRepo defined in @EnableJpaRepositories declared on JpaRepositoriesRegistrar.EnableJpaRepositoriesConfiguration: Could not create query for public abstract java.util.List com.examly.springapp.repository.BookingRepo.findByUserUserId(int); Reason: Failed to create query for method public abstract java.util.List com.examly.springapp.repository.BookingRepo.findByUserUserId(int); No property 'userUserId' found for type 'Booking'
Caused by: org.springframework.beans.factory.UnsatisfiedDependencyException: Error creating bean with name 'bookingServiceImpl': Unsatisfied dependency expressed through method 'setBookingRepo' parameter 0: Error creating bean with name 'bookingRepo' defined in com.examly.springapp.repository.BookingRepo defined in @EnableJpaRepositories declared on JpaRepositoriesRegistrar.EnableJpaRepositoriesConfiguration: Could not create query for public abstract java.util.List com.examly.springapp.repository.BookingRepo.findByUserUserId(int); Reason: Failed to create query for method public abstract java.util.List com.examly.springapp.repository.BookingRepo.findByUserUserId(int); No property 'userUserId' found for type 'Booking'
Caused by: org.springframework.beans.factory.BeanCreationException: Error creating bean with name 'bookingRepo' defined in com.examly.springapp.repository.BookingRepo defined in @EnableJpaRepositories declared on JpaRepositoriesRegistrar.EnableJpaRepositoriesConfiguration: Could not create query for public abstract java.util.List com.examly.springapp.repository.BookingRepo.findByUserUserId(int); Reason: Failed to create query for method public abstract java.util.List com.examly.springapp.repository.BookingRepo.findByUserUserId(int); No property 'userUserId' found for type 'Booking'
Caused by: org.springframework.data.repository.query.QueryCreationException: Could not create query for public abstract java.util.List com.examly.springapp.repository.BookingRepo.findByUserUserId(int); Reason: Failed to create query for method public abstract java.util.List com.examly.springapp.repository.BookingRepo.findByUserUserId(int); No property 'userUserId' found for type 'Booking'
Caused by: java.lang.IllegalArgumentException: Failed to create query for method public abstract java.util.List com.examly.springapp.repository.BookingRepo.findByUserUserId(int); No property 'userUserId' found for type 'Booking'
Caused by: org.springframework.data.mapping.PropertyReferenceException: No property 'userUserId' found for type 'Booking'

backend_day19_testBookingModelFileExists  Time elapsed: 0.001 s  <<< ERROR!
java.lang.IllegalStateException: Failed to load ApplicationContext for [WebMergedContextConfiguration@37a0fc8c testClass = com.examly.springapp.SpringappApplicationTests, locations = [], classes = [com.examly.springapp.SpringappApplication], contextInitializerClasses = [], activeProfiles = [], propertySourceLocations = [], propertySourceProperties = ["org.springframework.boot.test.context.SpringBootTestContextBootstrapper=true"], contextCustomizers = [[ImportsContextCustomizer@1ba3c03d key = [org.springframework.boot.test.autoconfigure.web.servlet.MockMvcAutoConfiguration, org.springframework.boot.test.autoconfigure.web.servlet.MockMvcWebClientAutoConfiguration, org.springframework.boot.test.autoconfigure.web.servlet.MockMvcWebDriverAutoConfiguration, org.springframework.boot.autoconfigure.security.oauth2.client.servlet.OAuth2ClientAutoConfiguration, org.springframework.boot.autoconfigure.security.oauth2.resource.servlet.OAuth2ResourceServerAutoConfiguration, org.springframework.boot.autoconfigure.security.servlet.SecurityAutoConfiguration, org.springframework.boot.autoconfigure.security.servlet.SecurityFilterAutoConfiguration, org.springframework.boot.autoconfigure.security.servlet.UserDetailsServiceAutoConfiguration, org.springframework.boot.test.autoconfigure.web.servlet.MockMvcSecurityConfiguration, org.springframework.boot.test.autoconfigure.web.reactive.WebTestClientAutoConfiguration]], org.springframework.boot.test.context.filter.ExcludeFilterContextCustomizer@6892b3b6, org.springframework.boot.test.json.DuplicateJsonObjectContextCustomizerFactory$DuplicateJsonObjectContextCustomizer@449a4f23, org.springframework.boot.test.mock.mockito.MockitoContextCustomizer@0, org.springframework.boot.test.web.client.TestRestTemplateContextCustomizer@3e27ba32, org.springframework.boot.test.autoconfigure.actuate.observability.ObservabilityContextCustomizerFactory$DisableObservabilityContextCustomizer@9da1, org.springframework.boot.test.autoconfigure.properties.PropertyMappingContextCustomizer@4b3fa0b3, org.springframework.boot.test.autoconfigure.web.servlet.WebDriverContextCustomizerFactory$Customizer@7f485fda, org.springframework.boot.test.context.SpringBootTestAnnotation@54d14418], resourceBasePath = "src/main/webapp", contextLoader = org.springframework.boot.test.context.SpringBootContextLoader, parent = null]
Caused by: org.springframework.beans.factory.UnsatisfiedDependencyException: Error creating bean with name 'bookingController': Unsatisfied dependency expressed through method 'setBookingService' parameter 0: Error creating bean with name 'bookingServiceImpl': Unsatisfied dependency expressed through method 'setBookingRepo' parameter 0: Error creating bean with name 'bookingRepo' defined in com.examly.springapp.repository.BookingRepo defined in @EnableJpaRepositories declared on JpaRepositoriesRegistrar.EnableJpaRepositoriesConfiguration: Could not create query for public abstract java.util.List com.examly.springapp.repository.BookingRepo.findByUserUserId(int); Reason: Failed to create query for method public abstract java.util.List com.examly.springapp.repository.BookingRepo.findByUserUserId(int); No property 'userUserId' found for type 'Booking'
Caused by: org.springframework.beans.factory.UnsatisfiedDependencyException: Error creating bean with name 'bookingServiceImpl': Unsatisfied dependency expressed through method 'setBookingRepo' parameter 0: Error creating bean with name 'bookingRepo' defined in com.examly.springapp.repository.BookingRepo defined in @EnableJpaRepositories declared on JpaRepositoriesRegistrar.EnableJpaRepositoriesConfiguration: Could not create query for public abstract java.util.List com.examly.springapp.repository.BookingRepo.findByUserUserId(int); Reason: Failed to create query for method public abstract java.util.List com.examly.springapp.repository.BookingRepo.findByUserUserId(int); No property 'userUserId' found for type 'Booking'
Caused by: org.springframework.beans.factory.BeanCreationException: Error creating bean with name 'bookingRepo' defined in com.examly.springapp.repository.BookingRepo defined in @EnableJpaRepositories declared on JpaRepositoriesRegistrar.EnableJpaRepositoriesConfiguration: Could not create query for public abstract java.util.List com.examly.springapp.repository.BookingRepo.findByUserUserId(int); Reason: Failed to create query for method public abstract java.util.List com.examly.springapp.repository.BookingRepo.findByUserUserId(int); No property 'userUserId' found for type 'Booking'
Caused by: org.springframework.data.repository.query.QueryCreationException: Could not create query for public abstract java.util.List com.examly.springapp.repository.BookingRepo.findByUserUserId(int); Reason: Failed to create query for method public abstract java.util.List com.examly.springapp.repository.BookingRepo.findByUserUserId(int); No property 'userUserId' found for type 'Booking'
Caused by: java.lang.IllegalArgumentException: Failed to create query for method public abstract java.util.List com.examly.springapp.repository.BookingRepo.findByUserUserId(int); No property 'userUserId' found for type 'Booking'
Caused by: org.springframework.data.mapping.PropertyReferenceException: No property 'userUserId' found for type 'Booking'

backend_day19_testBookingRepoFileExists  Time elapsed: 0 s  <<< ERROR!
java.lang.IllegalStateException: Failed to load ApplicationContext for [WebMergedContextConfiguration@37a0fc8c testClass = com.examly.springapp.SpringappApplicationTests, locations = [], classes = [com.examly.springapp.SpringappApplication], contextInitializerClasses = [], activeProfiles = [], propertySourceLocations = [], propertySourceProperties = ["org.springframework.boot.test.context.SpringBootTestContextBootstrapper=true"], contextCustomizers = [[ImportsContextCustomizer@1ba3c03d key = [org.springframework.boot.test.autoconfigure.web.servlet.MockMvcAutoConfiguration, org.springframework.boot.test.autoconfigure.web.servlet.MockMvcWebClientAutoConfiguration, org.springframework.boot.test.autoconfigure.web.servlet.MockMvcWebDriverAutoConfiguration, org.springframework.boot.autoconfigure.security.oauth2.client.servlet.OAuth2ClientAutoConfiguration, org.springframework.boot.autoconfigure.security.oauth2.resource.servlet.OAuth2ResourceServerAutoConfiguration, org.springframework.boot.autoconfigure.security.servlet.SecurityAutoConfiguration, org.springframework.boot.autoconfigure.security.servlet.SecurityFilterAutoConfiguration, org.springframework.boot.autoconfigure.security.servlet.UserDetailsServiceAutoConfiguration, org.springframework.boot.test.autoconfigure.web.servlet.MockMvcSecurityConfiguration, org.springframework.boot.test.autoconfigure.web.reactive.WebTestClientAutoConfiguration]], org.springframework.boot.test.context.filter.ExcludeFilterContextCustomizer@6892b3b6, org.springframework.boot.test.json.DuplicateJsonObjectContextCustomizerFactory$DuplicateJsonObjectContextCustomizer@449a4f23, org.springframework.boot.test.mock.mockito.MockitoContextCustomizer@0, org.springframework.boot.test.web.client.TestRestTemplateContextCustomizer@3e27ba32, org.springframework.boot.test.autoconfigure.actuate.observability.ObservabilityContextCustomizerFactory$DisableObservabilityContextCustomizer@9da1, org.springframework.boot.test.autoconfigure.properties.PropertyMappingContextCustomizer@4b3fa0b3, org.springframework.boot.test.autoconfigure.web.servlet.WebDriverContextCustomizerFactory$Customizer@7f485fda, org.springframework.boot.test.context.SpringBootTestAnnotation@54d14418], resourceBasePath = "src/main/webapp", contextLoader = org.springframework.boot.test.context.SpringBootContextLoader, parent = null]
Caused by: org.springframework.beans.factory.UnsatisfiedDependencyException: Error creating bean with name 'bookingController': Unsatisfied dependency expressed through method 'setBookingService' parameter 0: Error creating bean with name 'bookingServiceImpl': Unsatisfied dependency expressed through method 'setBookingRepo' parameter 0: Error creating bean with name 'bookingRepo' defined in com.examly.springapp.repository.BookingRepo defined in @EnableJpaRepositories declared on JpaRepositoriesRegistrar.EnableJpaRepositoriesConfiguration: Could not create query for public abstract java.util.List com.examly.springapp.repository.BookingRepo.findByUserUserId(int); Reason: Failed to create query for method public abstract java.util.List com.examly.springapp.repository.BookingRepo.findByUserUserId(int); No property 'userUserId' found for type 'Booking'
Caused by: org.springframework.beans.factory.UnsatisfiedDependencyException: Error creating bean with name 'bookingServiceImpl': Unsatisfied dependency expressed through method 'setBookingRepo' parameter 0: Error creating bean with name 'bookingRepo' defined in com.examly.springapp.repository.BookingRepo defined in @EnableJpaRepositories declared on JpaRepositoriesRegistrar.EnableJpaRepositoriesConfiguration: Could not create query for public abstract java.util.List com.examly.springapp.repository.BookingRepo.findByUserUserId(int); Reason: Failed to create query for method public abstract java.util.List com.examly.springapp.repository.BookingRepo.findByUserUserId(int); No property 'userUserId' found for type 'Booking'
Caused by: org.springframework.beans.factory.BeanCreationException: Error creating bean with name 'bookingRepo' defined in com.examly.springapp.repository.BookingRepo defined in @EnableJpaRepositories declared on JpaRepositoriesRegistrar.EnableJpaRepositoriesConfiguration: Could not create query for public abstract java.util.List com.examly.springapp.repository.BookingRepo.findByUserUserId(int); Reason: Failed to create query for method public abstract java.util.List com.examly.springapp.repository.BookingRepo.findByUserUserId(int); No property 'userUserId' found for type 'Booking'
Caused by: org.springframework.data.repository.query.QueryCreationException: Could not create query for public abstract java.util.List com.examly.springapp.repository.BookingRepo.findByUserUserId(int); Reason: Failed to create query for method public abstract java.util.List com.examly.springapp.repository.BookingRepo.findByUserUserId(int); No property 'userUserId' found for type 'Booking'
Caused by: java.lang.IllegalArgumentException: Failed to create query for method public abstract java.util.List com.examly.springapp.repository.BookingRepo.findByUserUserId(int); No property 'userUserId' found for type 'Booking'
Caused by: org.springframework.data.mapping.PropertyReferenceException: No property 'userUserId' found for type 'Booking'

backend_day20_testBookingHasManyToOneAnnotations  Time elapsed: 0.001 s  <<< ERROR!
java.lang.IllegalStateException: Failed to load ApplicationContext for [WebMergedContextConfiguration@37a0fc8c testClass = com.examly.springapp.SpringappApplicationTests, locations = [], classes = [com.examly.springapp.SpringappApplication], contextInitializerClasses = [], activeProfiles = [], propertySourceLocations = [], propertySourceProperties = ["org.springframework.boot.test.context.SpringBootTestContextBootstrapper=true"], contextCustomizers = [[ImportsContextCustomizer@1ba3c03d key = [org.springframework.boot.test.autoconfigure.web.servlet.MockMvcAutoConfiguration, org.springframework.boot.test.autoconfigure.web.servlet.MockMvcWebClientAutoConfiguration, org.springframework.boot.test.autoconfigure.web.servlet.MockMvcWebDriverAutoConfiguration, org.springframework.boot.autoconfigure.security.oauth2.client.servlet.OAuth2ClientAutoConfiguration, org.springframework.boot.autoconfigure.security.oauth2.resource.servlet.OAuth2ResourceServerAutoConfiguration, org.springframework.boot.autoconfigure.security.servlet.SecurityAutoConfiguration, org.springframework.boot.autoconfigure.security.servlet.SecurityFilterAutoConfiguration, org.springframework.boot.autoconfigure.security.servlet.UserDetailsServiceAutoConfiguration, org.springframework.boot.test.autoconfigure.web.servlet.MockMvcSecurityConfiguration, org.springframework.boot.test.autoconfigure.web.reactive.WebTestClientAutoConfiguration]], org.springframework.boot.test.context.filter.ExcludeFilterContextCustomizer@6892b3b6, org.springframework.boot.test.json.DuplicateJsonObjectContextCustomizerFactory$DuplicateJsonObjectContextCustomizer@449a4f23, org.springframework.boot.test.mock.mockito.MockitoContextCustomizer@0, org.springframework.boot.test.web.client.TestRestTemplateContextCustomizer@3e27ba32, org.springframework.boot.test.autoconfigure.actuate.observability.ObservabilityContextCustomizerFactory$DisableObservabilityContextCustomizer@9da1, org.springframework.boot.test.autoconfigure.properties.PropertyMappingContextCustomizer@4b3fa0b3, org.springframework.boot.test.autoconfigure.web.servlet.WebDriverContextCustomizerFactory$Customizer@7f485fda, org.springframework.boot.test.context.SpringBootTestAnnotation@54d14418], resourceBasePath = "src/main/webapp", contextLoader = org.springframework.boot.test.context.SpringBootContextLoader, parent = null]
Caused by: org.springframework.beans.factory.UnsatisfiedDependencyException: Error creating bean with name 'bookingController': Unsatisfied dependency expressed through method 'setBookingService' parameter 0: Error creating bean with name 'bookingServiceImpl': Unsatisfied dependency expressed through method 'setBookingRepo' parameter 0: Error creating bean with name 'bookingRepo' defined in com.examly.springapp.repository.BookingRepo defined in @EnableJpaRepositories declared on JpaRepositoriesRegistrar.EnableJpaRepositoriesConfiguration: Could not create query for public abstract java.util.List com.examly.springapp.repository.BookingRepo.findByUserUserId(int); Reason: Failed to create query for method public abstract java.util.List com.examly.springapp.repository.BookingRepo.findByUserUserId(int); No property 'userUserId' found for type 'Booking'
Caused by: org.springframework.beans.factory.UnsatisfiedDependencyException: Error creating bean with name 'bookingServiceImpl': Unsatisfied dependency expressed through method 'setBookingRepo' parameter 0: Error creating bean with name 'bookingRepo' defined in com.examly.springapp.repository.BookingRepo defined in @EnableJpaRepositories declared on JpaRepositoriesRegistrar.EnableJpaRepositoriesConfiguration: Could not create query for public abstract java.util.List com.examly.springapp.repository.BookingRepo.findByUserUserId(int); Reason: Failed to create query for method public abstract java.util.List com.examly.springapp.repository.BookingRepo.findByUserUserId(int); No property 'userUserId' found for type 'Booking'
Caused by: org.springframework.beans.factory.BeanCreationException: Error creating bean with name 'bookingRepo' defined in com.examly.springapp.repository.BookingRepo defined in @EnableJpaRepositories declared on JpaRepositoriesRegistrar.EnableJpaRepositoriesConfiguration: Could not create query for public abstract java.util.List com.examly.springapp.repository.BookingRepo.findByUserUserId(int); Reason: Failed to create query for method public abstract java.util.List com.examly.springapp.repository.BookingRepo.findByUserUserId(int); No property 'userUserId' found for type 'Booking'
Caused by: org.springframework.data.repository.query.QueryCreationException: Could not create query for public abstract java.util.List com.examly.springapp.repository.BookingRepo.findByUserUserId(int); Reason: Failed to create query for method public abstract java.util.List com.examly.springapp.repository.BookingRepo.findByUserUserId(int); No property 'userUserId' found for type 'Booking'
Caused by: java.lang.IllegalArgumentException: Failed to create query for method public abstract java.util.List com.examly.springapp.repository.BookingRepo.findByUserUserId(int); No property 'userUserId' found for type 'Booking'
Caused by: org.springframework.data.mapping.PropertyReferenceException: No property 'userUserId' found for type 'Booking'

backend_day21_testBookingServiceInterfaceAndImplementation  Time elapsed: 0 s  <<< ERROR!
java.lang.IllegalStateException: Failed to load ApplicationContext for [WebMergedContextConfiguration@37a0fc8c testClass = com.examly.springapp.SpringappApplicationTests, locations = [], classes = [com.examly.springapp.SpringappApplication], contextInitializerClasses = [], activeProfiles = [], propertySourceLocations = [], propertySourceProperties = ["org.springframework.boot.test.context.SpringBootTestContextBootstrapper=true"], contextCustomizers = [[ImportsContextCustomizer@1ba3c03d key = [org.springframework.boot.test.autoconfigure.web.servlet.MockMvcAutoConfiguration, org.springframework.boot.test.autoconfigure.web.servlet.MockMvcWebClientAutoConfiguration, org.springframework.boot.test.autoconfigure.web.servlet.MockMvcWebDriverAutoConfiguration, org.springframework.boot.autoconfigure.security.oauth2.client.servlet.OAuth2ClientAutoConfiguration, org.springframework.boot.autoconfigure.security.oauth2.resource.servlet.OAuth2ResourceServerAutoConfiguration, org.springframework.boot.autoconfigure.security.servlet.SecurityAutoConfiguration, org.springframework.boot.autoconfigure.security.servlet.SecurityFilterAutoConfiguration, org.springframework.boot.autoconfigure.security.servlet.UserDetailsServiceAutoConfiguration, org.springframework.boot.test.autoconfigure.web.servlet.MockMvcSecurityConfiguration, org.springframework.boot.test.autoconfigure.web.reactive.WebTestClientAutoConfiguration]], org.springframework.boot.test.context.filter.ExcludeFilterContextCustomizer@6892b3b6, org.springframework.boot.test.json.DuplicateJsonObjectContextCustomizerFactory$DuplicateJsonObjectContextCustomizer@449a4f23, org.springframework.boot.test.mock.mockito.MockitoContextCustomizer@0, org.springframework.boot.test.web.client.TestRestTemplateContextCustomizer@3e27ba32, org.springframework.boot.test.autoconfigure.actuate.observability.ObservabilityContextCustomizerFactory$DisableObservabilityContextCustomizer@9da1, org.springframework.boot.test.autoconfigure.properties.PropertyMappingContextCustomizer@4b3fa0b3, org.springframework.boot.test.autoconfigure.web.servlet.WebDriverContextCustomizerFactory$Customizer@7f485fda, org.springframework.boot.test.context.SpringBootTestAnnotation@54d14418], resourceBasePath = "src/main/webapp", contextLoader = org.springframework.boot.test.context.SpringBootContextLoader, parent = null]
Caused by: org.springframework.beans.factory.UnsatisfiedDependencyException: Error creating bean with name 'bookingController': Unsatisfied dependency expressed through method 'setBookingService' parameter 0: Error creating bean with name 'bookingServiceImpl': Unsatisfied dependency expressed through method 'setBookingRepo' parameter 0: Error creating bean with name 'bookingRepo' defined in com.examly.springapp.repository.BookingRepo defined in @EnableJpaRepositories declared on JpaRepositoriesRegistrar.EnableJpaRepositoriesConfiguration: Could not create query for public abstract java.util.List com.examly.springapp.repository.BookingRepo.findByUserUserId(int); Reason: Failed to create query for method public abstract java.util.List com.examly.springapp.repository.BookingRepo.findByUserUserId(int); No property 'userUserId' found for type 'Booking'
Caused by: org.springframework.beans.factory.UnsatisfiedDependencyException: Error creating bean with name 'bookingServiceImpl': Unsatisfied dependency expressed through method 'setBookingRepo' parameter 0: Error creating bean with name 'bookingRepo' defined in com.examly.springapp.repository.BookingRepo defined in @EnableJpaRepositories declared on JpaRepositoriesRegistrar.EnableJpaRepositoriesConfiguration: Could not create query for public abstract java.util.List com.examly.springapp.repository.BookingRepo.findByUserUserId(int); Reason: Failed to create query for method public abstract java.util.List com.examly.springapp.repository.BookingRepo.findByUserUserId(int); No property 'userUserId' found for type 'Booking'
Caused by: org.springframework.beans.factory.BeanCreationException: Error creating bean with name 'bookingRepo' defined in com.examly.springapp.repository.BookingRepo defined in @EnableJpaRepositories declared on JpaRepositoriesRegistrar.EnableJpaRepositoriesConfiguration: Could not create query for public abstract java.util.List com.examly.springapp.repository.BookingRepo.findByUserUserId(int); Reason: Failed to create query for method public abstract java.util.List com.examly.springapp.repository.BookingRepo.findByUserUserId(int); No property 'userUserId' found for type 'Booking'
Caused by: org.springframework.data.repository.query.QueryCreationException: Could not create query for public abstract java.util.List com.examly.springapp.repository.BookingRepo.findByUserUserId(int); Reason: Failed to create query for method public abstract java.util.List com.examly.springapp.repository.BookingRepo.findByUserUserId(int); No property 'userUserId' found for type 'Booking'
Caused by: java.lang.IllegalArgumentException: Failed to create query for method public abstract java.util.List com.examly.springapp.repository.BookingRepo.findByUserUserId(int); No property 'userUserId' found for type 'Booking'
Caused by: org.springframework.data.mapping.PropertyReferenceException: No property 'userUserId' found for type 'Booking'

backend_day22_testExceptionFile  Time elapsed: 0 s  <<< ERROR!
java.lang.IllegalStateException: Failed to load ApplicationContext for [WebMergedContextConfiguration@37a0fc8c testClass = com.examly.springapp.SpringappApplicationTests, locations = [], classes = [com.examly.springapp.SpringappApplication], contextInitializerClasses = [], activeProfiles = [], propertySourceLocations = [], propertySourceProperties = ["org.springframework.boot.test.context.SpringBootTestContextBootstrapper=true"], contextCustomizers = [[ImportsContextCustomizer@1ba3c03d key = [org.springframework.boot.test.autoconfigure.web.servlet.MockMvcAutoConfiguration, org.springframework.boot.test.autoconfigure.web.servlet.MockMvcWebClientAutoConfiguration, org.springframework.boot.test.autoconfigure.web.servlet.MockMvcWebDriverAutoConfiguration, org.springframework.boot.autoconfigure.security.oauth2.client.servlet.OAuth2ClientAutoConfiguration, org.springframework.boot.autoconfigure.security.oauth2.resource.servlet.OAuth2ResourceServerAutoConfiguration, org.springframework.boot.autoconfigure.security.servlet.SecurityAutoConfiguration, org.springframework.boot.autoconfigure.security.servlet.SecurityFilterAutoConfiguration, org.springframework.boot.autoconfigure.security.servlet.UserDetailsServiceAutoConfiguration, org.springframework.boot.test.autoconfigure.web.servlet.MockMvcSecurityConfiguration, org.springframework.boot.test.autoconfigure.web.reactive.WebTestClientAutoConfiguration]], org.springframework.boot.test.context.filter.ExcludeFilterContextCustomizer@6892b3b6, org.springframework.boot.test.json.DuplicateJsonObjectContextCustomizerFactory$DuplicateJsonObjectContextCustomizer@449a4f23, org.springframework.boot.test.mock.mockito.MockitoContextCustomizer@0, org.springframework.boot.test.web.client.TestRestTemplateContextCustomizer@3e27ba32, org.springframework.boot.test.autoconfigure.actuate.observability.ObservabilityContextCustomizerFactory$DisableObservabilityContextCustomizer@9da1, org.springframework.boot.test.autoconfigure.properties.PropertyMappingContextCustomizer@4b3fa0b3, org.springframework.boot.test.autoconfigure.web.servlet.WebDriverContextCustomizerFactory$Customizer@7f485fda, org.springframework.boot.test.context.SpringBootTestAnnotation@54d14418], resourceBasePath = "src/main/webapp", contextLoader = org.springframework.boot.test.context.SpringBootContextLoader, parent = null]
Caused by: org.springframework.beans.factory.UnsatisfiedDependencyException: Error creating bean with name 'bookingController': Unsatisfied dependency expressed through method 'setBookingService' parameter 0: Error creating bean with name 'bookingServiceImpl': Unsatisfied dependency expressed through method 'setBookingRepo' parameter 0: Error creating bean with name 'bookingRepo' defined in com.examly.springapp.repository.BookingRepo defined in @EnableJpaRepositories declared on JpaRepositoriesRegistrar.EnableJpaRepositoriesConfiguration: Could not create query for public abstract java.util.List com.examly.springapp.repository.BookingRepo.findByUserUserId(int); Reason: Failed to create query for method public abstract java.util.List com.examly.springapp.repository.BookingRepo.findByUserUserId(int); No property 'userUserId' found for type 'Booking'
Caused by: org.springframework.beans.factory.UnsatisfiedDependencyException: Error creating bean with name 'bookingServiceImpl': Unsatisfied dependency expressed through method 'setBookingRepo' parameter 0: Error creating bean with name 'bookingRepo' defined in com.examly.springapp.repository.BookingRepo defined in @EnableJpaRepositories declared on JpaRepositoriesRegistrar.EnableJpaRepositoriesConfiguration: Could not create query for public abstract java.util.List com.examly.springapp.repository.BookingRepo.findByUserUserId(int); Reason: Failed to create query for method public abstract java.util.List com.examly.springapp.repository.BookingRepo.findByUserUserId(int); No property 'userUserId' found for type 'Booking'
Caused by: org.springframework.beans.factory.BeanCreationException: Error creating bean with name 'bookingRepo' defined in com.examly.springapp.repository.BookingRepo defined in @EnableJpaRepositories declared on JpaRepositoriesRegistrar.EnableJpaRepositoriesConfiguration: Could not create query for public abstract java.util.List com.examly.springapp.repository.BookingRepo.findByUserUserId(int); Reason: Failed to create query for method public abstract java.util.List com.examly.springapp.repository.BookingRepo.findByUserUserId(int); No property 'userUserId' found for type 'Booking'
[...]
Caused by: org.springframework.beans.factory.UnsatisfiedDependencyException: Error creating bean with name 'bookingController': Unsatisfied dependency expressed through method 'setBookingService' parameter 0: Error creating bean with name 'bookingServiceImpl': Unsatisfied dependency expressed through method 'setBookingRepo' parameter 0: Error creating bean with name 'bookingRepo' defined in com.examly.springapp.repository.BookingRepo defined in @EnableJpaRepositories declared on JpaRepositoriesRegistrar.EnableJpaRepositoriesConfiguration: Could not create query for public abstract java.util.List com.examly.springapp.repository.BookingRepo.findByUserUserId(int); Reason: Failed to create query for method public abstract java.util.List com.examly.springapp.repository.BookingRepo.findByUserUserId(int); No property 'userUserId' found for type 'Booking'
Caused by: org.springframework.beans.factory.UnsatisfiedDependencyException: Error creating bean with name 'bookingServiceImpl': Unsatisfied dependency expressed through method 'setBookingRepo' parameter 0: Error creating bean with name 'bookingRepo' defined in com.examly.springapp.repository.BookingRepo defined in @EnableJpaRepositories declared on JpaRepositoriesRegistrar.EnableJpaRepositoriesConfiguration: Could not create query for public abstract java.util.List com.examly.springapp.repository.BookingRepo.findByUserUserId(int); Reason: Failed to create query for method public abstract java.util.List com.examly.springapp.repository.BookingRepo.findByUserUserId(int); No property 'userUserId' found for type 'Booking'
Caused by: org.springframework.beans.factory.BeanCreationException: Error creating bean with name 'bookingRepo' defined in com.examly.springapp.repository.BookingRepo defined in @EnableJpaRepositories declared on JpaRepositoriesRegistrar.EnableJpaRepositoriesConfiguration: Could not create query for public abstract java.util.List com.examly.springapp.repository.BookingRepo.findByUserUserId(int); Reason: Failed to create query for method public abstract java.util.List com.examly.springapp.repository.BookingRepo.findByUserUserId(int); No property 'userUserId' found for type 'Booking'
Caused by: org.springframework.data.repository.query.QueryCreationException: Could not create query for public abstract java.util.List com.examly.springapp.repository.BookingRepo.findByUserUserId(int); Reason: Failed to create query for method public abstract java.util.List com.examly.springapp.repository.BookingRepo.findByUserUserId(int); No property 'userUserId' found for type 'Booking'
Caused by: java.lang.IllegalArgumentException: Failed to create query for method public abstract java.util.List com.examly.springapp.repository.BookingRepo.findByUserUserId(int); No property 'userUserId' found for type 'Booking'
Caused by: org.springframework.data.mapping.PropertyReferenceException: No property 'userUserId' found for type 'Booking'

backend_day24_testGetAllBookings  Time elapsed: 0 s  <<< ERROR!
java.lang.IllegalStateException: Failed to load ApplicationContext for [WebMergedContextConfiguration@37a0fc8c testClass = com.examly.springapp.SpringappApplicationTests, locations = [], classes = [com.examly.springapp.SpringappApplication], contextInitializerClasses = [], activeProfiles = [], propertySourceLocations = [], propertySourceProperties = ["org.springframework.boot.test.context.SpringBootTestContextBootstrapper=true"], contextCustomizers = [[ImportsContextCustomizer@1ba3c03d key = [org.springframework.boot.test.autoconfigure.web.servlet.MockMvcAutoConfiguration, org.springframework.boot.test.autoconfigure.web.servlet.MockMvcWebClientAutoConfiguration, org.springframework.boot.test.autoconfigure.web.servlet.MockMvcWebDriverAutoConfiguration, org.springframework.boot.autoconfigure.security.oauth2.client.servlet.OAuth2ClientAutoConfiguration, org.springframework.boot.autoconfigure.security.oauth2.resource.servlet.OAuth2ResourceServerAutoConfiguration, org.springframework.boot.autoconfigure.security.servlet.SecurityAutoConfiguration, org.springframework.boot.autoconfigure.security.servlet.SecurityFilterAutoConfiguration, org.springframework.boot.autoconfigure.security.servlet.UserDetailsServiceAutoConfiguration, org.springframework.boot.test.autoconfigure.web.servlet.MockMvcSecurityConfiguration, org.springframework.boot.test.autoconfigure.web.reactive.WebTestClientAutoConfiguration]], org.springframework.boot.test.context.filter.ExcludeFilterContextCustomizer@6892b3b6, org.springframework.boot.test.json.DuplicateJsonObjectContextCustomizerFactory$DuplicateJsonObjectContextCustomizer@449a4f23, org.springframework.boot.test.mock.mockito.MockitoContextCustomizer@0, org.springframework.boot.test.web.client.TestRestTemplateContextCustomizer@3e27ba32, org.springframework.boot.test.autoconfigure.actuate.observability.ObservabilityContextCustomizerFactory$DisableObservabilityContextCustomizer@9da1, org.springframework.boot.test.autoconfigure.properties.PropertyMappingContextCustomizer@4b3fa0b3, org.springframework.boot.test.autoconfigure.web.servlet.WebDriverContextCustomizerFactory$Customizer@7f485fda, org.springframework.boot.test.context.SpringBootTestAnnotation@54d14418], resourceBasePath = "src/main/webapp", contextLoader = org.springframework.boot.test.context.SpringBootContextLoader, parent = null]
Caused by: org.springframework.beans.factory.UnsatisfiedDependencyException: Error creating bean with name 'bookingController': Unsatisfied dependency expressed through method 'setBookingService' parameter 0: Error creating bean with name 'bookingServiceImpl': Unsatisfied dependency expressed through method 'setBookingRepo' parameter 0: Error creating bean with name 'bookingRepo' defined in com.examly.springapp.repository.BookingRepo defined in @EnableJpaRepositories declared on JpaRepositoriesRegistrar.EnableJpaRepositoriesConfiguration: Could not create query for public abstract java.util.List com.examly.springapp.repository.BookingRepo.findByUserUserId(int); Reason: Failed to create query for method public abstract java.util.List com.examly.springapp.repository.BookingRepo.findByUserUserId(int); No property 'userUserId' found for type 'Booking'
Caused by: org.springframework.beans.factory.UnsatisfiedDependencyException: Error creating bean with name 'bookingServiceImpl': Unsatisfied dependency expressed through method 'setBookingRepo' parameter 0: Error creating bean with name 'bookingRepo' defined in com.examly.springapp.repository.BookingRepo defined in @EnableJpaRepositories declared on JpaRepositoriesRegistrar.EnableJpaRepositoriesConfiguration: Could not create query for public abstract java.util.List com.examly.springapp.repository.BookingRepo.findByUserUserId(int); Reason: Failed to create query for method public abstract java.util.List com.examly.springapp.repository.BookingRepo.findByUserUserId(int); No property 'userUserId' found for type 'Booking'
Caused by: org.springframework.beans.factory.BeanCreationException: Error creating bean with name 'bookingRepo' defined in com.examly.springapp.repository.BookingRepo defined in @EnableJpaRepositories declared on JpaRepositoriesRegistrar.EnableJpaRepositoriesConfiguration: Could not create query for public abstract java.util.List com.examly.springapp.repository.BookingRepo.findByUserUserId(int); Reason: Failed to create query for method public abstract java.util.List com.examly.springapp.repository.BookingRepo.findByUserUserId(int); No property 'userUserId' found for type 'Booking'
Caused by: org.springframework.data.repository.query.QueryCreationException: Could not create query for public abstract java.util.List com.examly.springapp.repository.BookingRepo.findByUserUserId(int); Reason: Failed to create query for method public abstract java.util.List com.examly.springapp.repository.BookingRepo.findByUserUserId(int); No property 'userUserId' found for type 'Booking'
Caused by: java.lang.IllegalArgumentException: Failed to create query for method public abstract java.util.List com.examly.springapp.repository.BookingRepo.findByUserUserId(int); No property 'userUserId' found for type 'Booking'
Caused by: org.springframework.data.mapping.PropertyReferenceException: No property 'userUserId' found for type 'Booking'

backend_day25_testEntityUserFile  Time elapsed: 0 s  <<< ERROR!
java.lang.IllegalStateException: Failed to load ApplicationContext for [WebMergedContextConfiguration@37a0fc8c testClass = com.examly.springapp.SpringappApplicationTests, locations = [], classes = [com.examly.springapp.SpringappApplication], contextInitializerClasses = [], activeProfiles = [], propertySourceLocations = [], propertySourceProperties = ["org.springframework.boot.test.context.SpringBootTestContextBootstrapper=true"], contextCustomizers = [[ImportsContextCustomizer@1ba3c03d key = [org.springframework.boot.test.autoconfigure.web.servlet.MockMvcAutoConfiguration, org.springframework.boot.test.autoconfigure.web.servlet.MockMvcWebClientAutoConfiguration, org.springframework.boot.test.autoconfigure.web.servlet.MockMvcWebDriverAutoConfiguration, org.springframework.boot.autoconfigure.security.oauth2.client.servlet.OAuth2ClientAutoConfiguration, org.springframework.boot.autoconfigure.security.oauth2.resource.servlet.OAuth2ResourceServerAutoConfiguration, org.springframework.boot.autoconfigure.security.servlet.SecurityAutoConfiguration, org.springframework.boot.autoconfigure.security.servlet.SecurityFilterAutoConfiguration, org.springframework.boot.autoconfigure.security.servlet.UserDetailsServiceAutoConfiguration, org.springframework.boot.test.autoconfigure.web.servlet.MockMvcSecurityConfiguration, org.springframework.boot.test.autoconfigure.web.reactive.WebTestClientAutoConfiguration]], org.springframework.boot.test.context.filter.ExcludeFilterContextCustomizer@6892b3b6, org.springframework.boot.test.json.DuplicateJsonObjectContextCustomizerFactory$DuplicateJsonObjectContextCustomizer@449a4f23, org.springframework.boot.test.mock.mockito.MockitoContextCustomizer@0, org.springframework.boot.test.web.client.TestRestTemplateContextCustomizer@3e27ba32, org.springframework.boot.test.autoconfigure.actuate.observability.ObservabilityContextCustomizerFactory$DisableObservabilityContextCustomizer@9da1, org.springframework.boot.test.autoconfigure.properties.PropertyMappingContextCustomizer@4b3fa0b3, org.springframework.boot.test.autoconfigure.web.servlet.WebDriverContextCustomizerFactory$Customizer@7f485fda, org.springframework.boot.test.context.SpringBootTestAnnotation@54d14418], resourceBasePath = "src/main/webapp", contextLoader = org.springframework.boot.test.context.SpringBootContextLoader, parent = null]
Caused by: org.springframework.beans.factory.UnsatisfiedDependencyException: Error creating bean with name 'bookingController': Unsatisfied dependency expressed through method 'setBookingService' parameter 0: Error creating bean with name 'bookingServiceImpl': Unsatisfied dependency expressed through method 'setBookingRepo' parameter 0: Error creating bean with name 'bookingRepo' defined in com.examly.springapp.repository.BookingRepo defined in @EnableJpaRepositories declared on JpaRepositoriesRegistrar.EnableJpaRepositoriesConfiguration: Could not create query for public abstract java.util.List com.examly.springapp.repository.BookingRepo.findByUserUserId(int); Reason: Failed to create query for method public abstract java.util.List com.examly.springapp.repository.BookingRepo.findByUserUserId(int); No property 'userUserId' found for type 'Booking'
Caused by: org.springframework.beans.factory.UnsatisfiedDependencyException: Error creating bean with name 'bookingServiceImpl': Unsatisfied dependency expressed through method 'setBookingRepo' parameter 0: Error creating bean with name 'bookingRepo' defined in com.examly.springapp.repository.BookingRepo defined in @EnableJpaRepositories declared on JpaRepositoriesRegistrar.EnableJpaRepositoriesConfiguration: Could not create query for public abstract java.util.List com.examly.springapp.repository.BookingRepo.findByUserUserId(int); Reason: Failed to create query for method public abstract java.util.List com.examly.springapp.repository.BookingRepo.findByUserUserId(int); No property 'userUserId' found for type 'Booking'
Caused by: org.springframework.beans.factory.BeanCreationException: Error creating bean with name 'bookingRepo' defined in com.examly.springapp.repository.BookingRepo defined in @EnableJpaRepositories declared on JpaRepositoriesRegistrar.EnableJpaRepositoriesConfiguration: Could not create query for public abstract java.util.List com.examly.springapp.repository.BookingRepo.findByUserUserId(int); Reason: Failed to create query for method public abstract java.util.List com.examly.springapp.repository.BookingRepo.findByUserUserId(int); No property 'userUserId' found for type 'Booking'
Caused by: org.springframework.data.repository.query.QueryCreationException: Could not create query for public abstract java.util.List com.examly.springapp.repository.BookingRepo.findByUserUserId(int); Reason: Failed to create query for method public abstract java.util.List com.examly.springapp.repository.BookingRepo.findByUserUserId(int); No property 'userUserId' found for type 'Booking'
Caused by: java.lang.IllegalArgumentException: Failed to create query for method public abstract java.util.List com.examly.springapp.repository.BookingRepo.findByUserUserId(int); No property 'userUserId' found for type 'Booking'
Caused by: org.springframework.data.mapping.PropertyReferenceException: No property 'userUserId' found for type 'Booking'

backend_day26_testCorsUserFile  Time elapsed: 0 s  <<< ERROR!
java.lang.IllegalStateException: Failed to load ApplicationContext for [WebMergedContextConfiguration@37a0fc8c testClass = com.examly.springapp.SpringappApplicationTests, locations = [], classes = [com.examly.springapp.SpringappApplication], contextInitializerClasses = [], activeProfiles = [], propertySourceLocations = [], propertySourceProperties = ["org.springframework.boot.test.context.SpringBootTestContextBootstrapper=true"], contextCustomizers = [[ImportsContextCustomizer@1ba3c03d key = [org.springframework.boot.test.autoconfigure.web.servlet.MockMvcAutoConfiguration, org.springframework.boot.test.autoconfigure.web.servlet.MockMvcWebClientAutoConfiguration, org.springframework.boot.test.autoconfigure.web.servlet.MockMvcWebDriverAutoConfiguration, org.springframework.boot.autoconfigure.security.oauth2.client.servlet.OAuth2ClientAutoConfiguration, org.springframework.boot.autoconfigure.security.oauth2.resource.servlet.OAuth2ResourceServerAutoConfiguration, org.springframework.boot.autoconfigure.security.servlet.SecurityAutoConfiguration, org.springframework.boot.autoconfigure.security.servlet.SecurityFilterAutoConfiguration, org.springframework.boot.autoconfigure.security.servlet.UserDetailsServiceAutoConfiguration, org.springframework.boot.test.autoconfigure.web.servlet.MockMvcSecurityConfiguration, org.springframework.boot.test.autoconfigure.web.reactive.WebTestClientAutoConfiguration]], org.springframework.boot.test.context.filter.ExcludeFilterContextCustomizer@6892b3b6, org.springframework.boot.test.json.DuplicateJsonObjectContextCustomizerFactory$DuplicateJsonObjectContextCustomizer@449a4f23, org.springframework.boot.test.mock.mockito.MockitoContextCustomizer@0, org.springframework.boot.test.web.client.TestRestTemplateContextCustomizer@3e27ba32, org.springframework.boot.test.autoconfigure.actuate.observability.ObservabilityContextCustomizerFactory$DisableObservabilityContextCustomizer@9da1, org.springframework.boot.test.autoconfigure.properties.PropertyMappingContextCustomizer@4b3fa0b3, org.springframework.boot.test.autoconfigure.web.servlet.WebDriverContextCustomizerFactory$Customizer@7f485fda, org.springframework.boot.test.context.SpringBootTestAnnotation@54d14418], resourceBasePath = "src/main/webapp", contextLoader = org.springframework.boot.test.context.SpringBootContextLoader, parent = null]
Caused by: org.springframework.beans.factory.UnsatisfiedDependencyException: Error creating bean with name 'bookingController': Unsatisfied dependency expressed through method 'setBookingService' parameter 0: Error creating bean with name 'bookingServiceImpl': Unsatisfied dependency expressed through method 'setBookingRepo' parameter 0: Error creating bean with name 'bookingRepo' defined in com.examly.springapp.repository.BookingRepo defined in @EnableJpaRepositories declared on JpaRepositoriesRegistrar.EnableJpaRepositoriesConfiguration: Could not create query for public abstract java.util.List com.examly.springapp.repository.BookingRepo.findByUserUserId(int); Reason: Failed to create query for method public abstract java.util.List com.examly.springapp.repository.BookingRepo.findByUserUserId(int); No property 'userUserId' found for type 'Booking'
Caused by: org.springframework.beans.factory.UnsatisfiedDependencyException: Error creating bean with name 'bookingServiceImpl': Unsatisfied dependency expressed through method 'setBookingRepo' parameter 0: Error creating bean with name 'bookingRepo' defined in com.examly.springapp.repository.BookingRepo defined in @EnableJpaRepositories declared on JpaRepositoriesRegistrar.EnableJpaRepositoriesConfiguration: Could not create query for public abstract java.util.List com.examly.springapp.repository.BookingRepo.findByUserUserId(int); Reason: Failed to create query for method public abstract java.util.List com.examly.springapp.repository.BookingRepo.findByUserUserId(int); No property 'userUserId' found for type 'Booking'
Caused by: org.springframework.beans.factory.BeanCreationException: Error creating bean with name 'bookingRepo' defined in com.examly.springapp.repository.BookingRepo defined in @EnableJpaRepositories declared on JpaRepositoriesRegistrar.EnableJpaRepositoriesConfiguration: Could not create query for public abstract java.util.List com.examly.springapp.repository.BookingRepo.findByUserUserId(int); Reason: Failed to create query for method public abstract java.util.List com.examly.springapp.repository.BookingRepo.findByUserUserId(int); No property 'userUserId' found for type 'Booking'
Caused by: org.springframework.data.repository.query.QueryCreationException: Could not create query for public abstract java.util.List com.examly.springapp.repository.BookingRepo.findByUserUserId(int); Reason: Failed to create query for method public abstract java.util.List com.examly.springapp.repository.BookingRepo.findByUserUserId(int); No property 'userUserId' found for type 'Booking'
Caused by: java.lang.IllegalArgumentException: Failed to create query for method public abstract java.util.List com.examly.springapp.repository.BookingRepo.findByUserUserId(int); No property 'userUserId' found for type 'Booking'
Caused by: org.springframework.data.mapping.PropertyReferenceException: No property 'userUserId' found for type 'Booking'

