-------------------------------------------------------------------------------
Test set: com.examly.springapp.SpringappApplicationTests
-------------------------------------------------------------------------------
Tests run: 19, Failures: 6, Errors: 0, Skipped: 0, Time elapsed: 3.045 s <<< FAILURE! - in com.examly.springapp.SpringappApplicationTests
backend_day21_testBookingServiceInterfaceAndImplementation  Time elapsed: 0.006 s  <<< FAILURE!
org.opentest4j.AssertionFailedError: Interface or implementation not found: com.examly.springapp.service.BookingServiceImpl
	at com.examly.springapp.SpringappApplicationTests.backend_day21_testBookingServiceInterfaceAndImplementation(SpringappApplicationTests.java:215)

backend_day22_testExceptionFile  Time elapsed: 0.002 s  <<< FAILURE!
org.opentest4j.AssertionFailedError: expected: <true> but was: <false>
	at com.examly.springapp.SpringappApplicationTests.backend_day22_testExceptionFile(SpringappApplicationTests.java:226)

backend_day24_testControllerBooking  Time elapsed: 0.001 s  <<< FAILURE!
org.opentest4j.AssertionFailedError: expected: <true> but was: <false>
	at com.examly.springapp.SpringappApplicationTests.backend_day24_testControllerBooking(SpringappApplicationTests.java:236)

backend_day24_testGetAllBookings  Time elapsed: 0.015 s  <<< FAILURE!
java.lang.AssertionError: Status expected:<200> but was:<404>
	at com.examly.springapp.SpringappApplicationTests.backend_day24_testGetAllBookings(SpringappApplicationTests.java:244)

backend_day25_testEntityUserFile  Time elapsed: 0 s  <<< FAILURE!
org.opentest4j.AssertionFailedError: expected: <true> but was: <false>
	at com.examly.springapp.SpringappApplicationTests.backend_day25_testEntityUserFile(SpringappApplicationTests.java:256)

backend_day26_testCorsUserFile  Time elapsed: 0.001 s  <<< FAILURE!
org.opentest4j.AssertionFailedError: expected: <true> but was: <false>
	at com.examly.springapp.SpringappApplicationTests.backend_day26_testCorsUserFile(SpringappApplicationTests.java:266)

